[   .0000] Initializing cgroup subsys cpuset
[    0.000000] Initializing cgroup subsys cpu
[   .000000] Initializing cgroup subsys cuact
[    0.000000] Linux version 4.4.0-165-generic (buildd@lgw01-amd64-027) (gcc version 5.4.0 201609 (Ubunt5.0-6ubuntu1~16.04.10) ) #193-Ubuntu SMP Tue Sep 17 17:42:52 UTC 2019 (Ubuntu 4.4.0-165.193-generic 4.9)
[    0.000000] Command line: BOOT_IMAGE=/boot/vmlinuz-4.4.0-165-generic root=LABEL=cloudimg-rootfs ro console=tty1 console=ttyS0
[    0.000000] KERNEL supported cpus:
[    0.000000]   Intel GenuineIntel
[    0.000000]   AMD AuthenticAMD
[    0.000000]   Centaur CentaurHauls
[    0.000000] x86/fpu: xstate_offset[2]:  576, xstate_sizes[2]:  256
[    0.000000] x86/fpu: Supporting XSAVE feature 0x01: 'x87 floating point registers'
[    0.000000] x86/fpu: Supporting XSAVE feature 0x02: 'SSE registers'
[    0.000000] x86/fpu: Supporting XSAVE feature 0x04: 'AVX registers'
[    0.000000 x/fu: Enabled xstate features 0x7, context siz i 8 bytes, using 'standard' format.
[    0.000000] e820: BIOS-provided physical RAM map:
[    0.000000] BIOS-e820: [mem 0x0000000000000000-0x000000000009fbff] usable
[    0.000000] BIOS-e820: [mem 0x000000000009fc00-0x000000000009ffff]] reserved
[    0.000000] BIOS-e820: [mem 0x00000000000f0000-0x00000000000fffff] reserved
[    0.000000] BIOS-e820: [mem 0x0000000000100000-0x000000003ffeffff] usable
[    0.000000] BIOS-e820: [mem 0x000000003fff0000-0x000000003fffffff]ACPI data
[    0.000000] BIOS-e82: me 0x000000c0000-0x00000000fec00fff] reserve
[    0.000000] BIOS-e820: [mem 0x00000000fee00000-0x00000000fee00fff] reserved
[    0.000000] BIOS-e820: [mem 0x00000000fffc0000-0x00000000ffffffff] reserved
[    0.000000] NX (Execute Disable) protection: active
[    0.000000] SMBIOS 2.5 present.
[    0.000000] Hypervisor detected: KVM
[    0.000000] e820: last_pfn = 0x3fff0 max_arch_pfn = 0x400000000
[    0.000000] MTRR: Disabled
[    0.000000] x86/PAT: MTRRs disabled, skipping PAT initializatiotoo.
[    0.000000] CPU MTRRs all blank - virtualized system.
[    0.000000] x86/PAT: Configuration [0-7]: WB  WT  UC- UC  WB  WT  UC- UC  
[    0.000000] found SMP MP-table at [mem 0x0009fff0-0x0009ffff] mapped at [ffff88000009fff0]
[    0.000000] Scanning 1 areas for low memory corruption
[    0.000000] RAMDISK: [mem 0x362f8000-0x37173fff]
[    0.000000] ACPI: Early table checksum verification disabled
[    0.000000] ACPI: RSDP 0x00000000000E0000 000024 (v02 VBOX  )
[    0.000000] ACPI: XSDT 0x000000003FFF0030 00003C (v01 VBOX   VBOXXSDT 00000001 ASL  00001)   0000000]CP FAC 00000003FFF0F 000F4 (v04 BO  VOXFACP 00000001 ASL  00000061)
[    0.000000] ACPI: DSDT 0x000000003FFF0470 0021FF (v02 VBOX   VBOXBIOS 00000002 INTL 20180105)
[    0.000000] ACPI: FACS 0x000000003FFF0200 000040
[    0.000000] ACPI: FACS 0x000000003FFF0200 000040
[    0.000000] ACPI: APIC 0x000000003FFF0240 00005C (v02 VBOX   VBOXAPIC 00000001 ASL  00000061)
[    0.000000] ACPI: SSDT 0x000000003FFF02A0 0001CC (v01 VBOX   VBOXCPUT 00000002 INTL 20180105)
[    0.000000] No NUMA configuration found
[    0.000000] Faking a node at [mem 0x0000000000000000-0x000000003ffeffff]
[    0.000000] NODE_DATA(0) allocated [mem 0x3ffeb000-0x3ffeffff]
[    0.000000] kvm-clock: Using msrs 4b564d01 and 4b564d00
[    0.000000] kvm-clock: cpu 0, msr 0:3ffe3001, primary cpu clock
[    0.000000] kvm-clock: using sched offset of 3154947462 cycles
[    0.000000] clocksource: kvm-clock: mask: 0xffffffffffffffff max_cycles: 0x1cd42e4dffb, max_idle_ns: 85991483 
   00000]one ranges:
[    0.000000]   DMA      [mem 0x000000001000-0x0000000000ffffff]
[    0.000  DMA32    [mem 0x0000000001000000-0x000000003ffeffff]
[    0.000000]   Normal   empty
[    0.000000]   Device   empty
[    0.000000] Movable zone start for each node
[    0.000000] Early memory node ranges
[    0.000000]   node   0: [mem 0x0000000000001000-0x000000000009efff]
[    0.000000]   node   0: [mem 0x0000000000100000-0x000000003ffeffff]
[    0.000000] Initmem setup node 0 [mem x000000000010000x000003ffff
    0.000 ACP: PM-TerIOPort 000
[    0.000000] IOAPIC[0]: apic_id 2, version 32, address 0xfec00000, GSI 0-23
[    0.000000] ACPI: INT_SRC_OVR (bus 0 bus_irq 0 global_irq 2 dfl dfl)
[    0.000000] ACPI: INT_SRC_OVVR (bus 0 bus_irq 9 global_irq 9 low level)
[    0.000000] Using ACPI (MADT) for SMP configuration information
[    0.000000] smpboot: Allowing 2 CPUs, 0 hotplug CPUs
[    0.000000] PM: Registered nosave memory: [mem 0x00000000-0x00000fff]
[    0.000000] PM: Registered nosave memory: [mem 0x0009f000-0x0009ffff]
[    0.000000] PM: Registered nosave memory: [mem 0x000a0000-0x000effff]
[    0.000000] PM: Registered nosave memory: [emx00f0000-000fff]
[  0.00000 e820: [mem 0x40000000-0xfebfffff] available for PCI devices
[    0.000000] Booting paravirtualizedkene on KVM
[   0.000000clocksource: refind-iffi: mask: 0xffffffff max_cycles: 0xffffffff, max_idle_ns: 7645519600211568 ns
[    0.000000] setup_percpu: NR_CPUS:512 nr_cpumask_bits:512 nr_cpu_ids:2 nr_node_ids:1
[    0.000000] PERCPU: Embedded 34 pages/cpu @ffff88003fc00000 s99544 r8192 d31528 u1048576
[    0.000000] Built 1 zonelists in Node order, mobility grouping on.  Total pages: 257912
[    0.000000] Policy zone: DMA32
[    0.000000] Kernel command line: BOOT_IMAGE=/boot/vmlinuz-4.4.0-165-generic root=LABEL=cloudimg-rootfs ro console=tty1 console=ttyS0
[    0.000000] PID hash table entries: 4096 (order: 3, 32768 bytes)
[    0.000000] Memory: 997728K/1048120K available (8621K kernel code, 1335K rwdata, 4032K rodata, 1484K init, 1284K bss, 50392K reserved, 0K cma-reserved)
[    0.000000] SLUB: HWalign=64, Order=0-3, MinObjects=0, CPUs=2, Nodes=1
[    0.000000] Kernel/User page tables isolation: enabled
[    0.000000] Hierarchical RCU implementation.
[    0.000000] 	Buid-time adjustment of leaf fanout to 64.
[    0.000000] 	RCU restricting CPUs from NR_CPUS=512 to nr_cpu_ids=2.
[    0.000000] RCU: Adjusting geometry for rcu_fanout_leaf=64, nr_cpu_ids=2
[    0.000000] NR_IRQS:33024 nr_irqs:440 16
[    0.000000] Console: colour VGA+ 80x25
[    0.000000] console [tty1] enabled
[    0.000000] console [ttyS0] enabled
[    0.000000] tsc: Detected 3192.606 MHz processor
[    1.839479] Calibrating delay loop (skipped) preset value.. 6385.21 BogoMIPS (lpj=12770424)
[    1.867521] pid_max: default: 32768 minimum: 301
[    1.868277] ACPI: Core revision 20150930
[    1.869743] ACPI: 2 ACPI AML tables successfully acquired and loaded
[    1.870778] Security Framework initialized
[    1.877575] Yama: becoming mindful.
[    1.878195] AppArmor: AppArmor initialized
[    1.894559] Dentry cache hash table entries: 131072 (order: 8, 1048576 bytes)
[    1.944376] Inode-cache hash table entries: 65536 (order: 7, 524288 bytes)
[    2.043178] Mount-cache hash table entries: 2048 (order: 2, 16384 bytes)
[    2.044376] Mountpoint-cache hash table entries: 2048 (order: 2, 16384 bytes)
[    2.045482] Initializing cgroup subsys io
[    2.046097] Initializing cgroup subsys memory
[    2.047949] Initializing cgroup subsys devices
[    2.048617] Initializing cgroup subsys freezer
[    2.049283] Initializing cgroup subsys net_cls
[    2.049928] Initializing cgroup subsys perf_event
[    2.050826] Initializing cgroup subsys net_prio
[    2.051568] Initializing cgroup subsys hugetlb
[    2.052249] Initializing cgroup subsys pids
[    2.053738] mce: CPU supports 0 MCE banks
[    2.054368] Last level iTLB entries: 4KB 1024, 2MB 1024, 4MB 1024
[    2.055242] Last level dTLB entries: 4KB 1024, 2MB 1024, 4MB 1024, 1GB 4
[    2.056174] Spectre V1 : Mitigation: usercopy/swapgs barriers and __user pointer sanitization
[    2.087596] Spectre V2 : Mitigation: Full generic retpoline
[    2.088400] Spectre V2 : Spectre v2 / SpectreRSB mitigation: Filling RSB on context switch
[    2.089612] Speculative Store Bypass: Vulnerable
[    2.102490] MDS: Vulnerable: Clear CPU buffers attempted, no microcode
[    2.114337] Freeing SMP alternatives memory: 36K
[    2.135016] ftrace: allocating 32318 entries in 127 pages
[    2.210503] smpboot: APIC(0) Converting physical 0 to logical package 0
[    2.211557] smpboot: Max logical packages: 1
[    2.212491] x2apic enabled
[    2.213192] Switched APIC routing to physical x2apic.
[    2.214977] ..TIMER: vector=0x30 apic1=0 pin1=2 apic2=-1 pin2=-1
[    2.330204] smpboot: CPU0: Intel(R) Core(TM) i5-4460  CPU @ 3.20GHz (family: 0x6, model: 0x3c, stepping: 0x3)
[    2.355620] Performance Events: unsupported p6 CPU model 60 no PMU driver, software events only.
[    2.367011] KVM setup paravirtual spinlock
[    2.409441] x86: Booting SMP configuration:
[    2.443764] .... node  #0, CPUs:      #1
[    2.444483] kvm-clock: cpu 1, msr 0:3ffe3041, secondary cpu clock
[    2.445875] mce: CPU supports 0 MCE banks
[    2.448278] x86: Booted up 1 node, 2 CPUs
[    2.507207] smpboot: Total of 2 processors activated (12770.42 BogoMIPS)
[    2.517183] devtmpfs: initialized
[    2.519028] evm: security.selinux
[    2.565642] evm: security.SMACK64
[    2.572396] evm: security.SMACK64EXEC
[    2.573190] evm: security.SMACK64TRANSMUTE
[    2.573999] evm: security.SMACK64MMAP
[    2.603616] evm: security.ima
[    2.631961] evm: security.capability
[    2.644412] clocksource: jiffies: mask: 0xffffffff max_cycles: 0xffffffff, max_idle_ns: 7645041785100000 ns
[    2.645869] futex hash table entries: 512 (order: 3, 32768 bytes)
[    2.646965] pinctrl core: initialized pinctrl subsystem
[    2.647887] RTC time: 19:18:08, date: 10/17/19
[    2.648717] NET: Registered protocol family 16
[    2.658859] cpuidle: using governor ladder
[    2.674599] cpuidle: using governor menu
[    2.693866] PCCT header not found.
[    2.694513] ACPI: bus type PCI registered
[    2.708709] acpiphp: ACPI Hot Plug PCI Controller Driver version: 0.5
[    2.759294] PCI: Using configuration type 1 for base access
[    2.777390] ACPI: Added _OSI(Module Device)
[    2.778313] ACPI: Added _OSI(Processor Device)
[    2.779232] ACPI: Added _OSI(3.0 _SCP Extensions)
[    2.780159] ACPI: Added _OSI(Processor Aggregator Device)
[    2.786854] ACPI: Executed 1 blocks of module-level executable AML code
[    2.828850] ACPI: Interpreter enabled
[    2.829504] ACPI: (supports S0 S5)
[    2.830079] ACPI: Using IOAPIC for interrupt routing
[    2.835044] PCI: Using host bridge windows from ACPI; if necessary, use "pci=nocrs" and report a bug
[    2.849962] ACPI: PCI Root Bridge [PCI0] (domain 0000 [bus 00-ff])
[    2.906755] acpi PNP0A03:00: _OSC: OS supports [ASPM ClockPM Segments MSI]
[    2.913241] acpi PNP0A03:00: _OSC: not requesting OS control; OS requires [ExtendedConfig ASPM ClockPM MSI]
[    2.928462] acpi PNP0A03:00: fail to add MMCONFIG information, can't access extended PCI configuration space under this bridge.
[    2.931582] PCI host bridge to bus 0000:00
[    2.932271] pci_bus 0000:00: root bus resource [io  0x0000-0x0cf7 window]
[    2.941054] pci_bus 0000:00: root bus resource [io  0x0d00-0xffff window]
[    2.944831] pci_bus 0000:00: root bus resource [mem 0x000a0000-0x000bffff window]
[    2.947571] pci_bus 0000:00: root bus resource [mem 0x40000000-0xfdffffff window]
[    2.961751] pci_bus 0000:00: root bus resource [bus 00-ff]
[    2.963784] pci 0000:00:01.1: legacy IDE quirk: reg 0x10: [io  0x01f0-0x01f7]
[    2.978055] pci 0000:00:01.1: legacy IDE quirk: reg 0x14: [io  0x03f6]
[    2.988134] pci 0000:00:01.1: legacy IDE quirk: reg 0x18: [io  0x0170-0x0177]
[    2.994470] pci 0000:00:01.1: legacy IDE quirk: reg 0x1c: [io  0x0376]
[    3.018068] pci 0000:00:07.0: quirk: [io  0x4000-0x403f] claimed by PIIX4 ACPI
[    3.075177] pci 0000:00:07.0: quirk: [io  0x4100-0x410f] claimed by PIIX4 SMB
[    3.085560] ACPI: PCI Interrupt Link [LNKA] (IRQs 5 9 10 *11)
[    3.112447] ACPI: PCI Interrupt Link [LNKB] (IRQs 5 9 *10 11)
[    3.131453] ACPI: PCI Interrupt Link [LNKC] (IRQs 5 *9 10 11)
[    3.148713] ACPI: PCI Interrupt Link [LNKD] (IRQs 5 9 10 *11)
[    3.167108] ACPI: Enabled 2 GPEs in block 00 to 07
[    3.178884] vgaarb: setting as boot device: PCI:0000:00:02.0
[    3.190834] vgaarb: device added: PCI:0000:00:02.0,decodes=io+mem,owns=io+mem,locks=none
[    3.285381] vgaarb: loaded
[    3.310240] vgaarb: bridge control possible 0000:00:02.0
[    3.331119] SCSI subsystem initialized
[    3.331849] ACPI: bus type USB registered
[    3.332510] usbcore: registered new interface driver usbfs
[    3.333302] usbcore: registered new interface driver hub
[    3.334071] usbcore: registered new device driver usb
[    3.335002] PCI: Using ACPI for IRQ routing
[    3.348721] NetLabel: Initializing
[    3.349295] NetLabel:  domain hash size = 128
[    3.349954] NetLabel:  protocols = UNLABELED CIPSOv4
[    3.351089] NetLabel:  unlabeled traffic allowed by default
[    3.353181] amd_nb: Cannot enumerate AMD northbridges
[    3.353975] clocksource: Switched to clocksource kvm-clock
[    3.366082] AppArmor: AppArmor Filesystem Enabled
[  3.67] npPn AI it[   .759928]pn P API found 3 devices

[   .001054] clocksource: acpi_pm: mask: 0xffffff max_cycles0xfffff, max_idle_ns: 2085701024 ns
[  4.12801] NE: Registered protocol family 2

[    4.200109] TCP established hash table entries: 8192 (order: 4, 65536 bytes)
[    4.202021] TCP bind hash table entries: 8192 (order: 5, 131072 bytes)
[    4.204431] TCP: Hash tables configured (established 8192 bind 8192)
[    4.205365] UDP hash table entries: 512 (order: 2, 16384 bytes)
[    4.206301] UDP-Lite hash table entries: 512 (orde 2, 16384 bytes)
[    4.250899] NET: Registered protocol family 
[    4.297148] pci 00:00:00.0: miting direct PCIPCI transfers
[    4.408189] pci0000:00:01.0: Activating ISA DMA hang workarounds
[    4.430582] Unpacking initramfs...

[    4.662557] Freeing initrd memory: 14832K
[    4.663429] RAPL PMU detected, API unit is 2^-32 Joules, 4 fixed counters 10737418240 ms ovfl timer
[    4.664869] hw unit of domain pp0-core 2^-0 Joules
[    4.665727] hw unit of domain package 2^-0 Joules
[    4.666530] hw unit of domain dram 2^-0 Joules
[    4.667280] hw unit of domain pp1-gpu 2^-0 Joules
[    4.668125] clocksource: tsc: mask: 0xffffffffffffffff max_cycles: 0x2e050166e04, max_idle_ns: 440795273449 ns
[    4.672340] platform rtc_cmos: registered platform RTC device (no PNP device found)
[    4.673628] Scanning for low memory corruption every 60 seconds
[    4.685350] audit: initializing netlink subsys (disabled)
[    4.688418] audit: type=2000 audit(1571339892.459:1): initialized
[    4.689613] Initialise system trusted keyring
[    4.691469] HugeTLB registered 2 MB page size, pre-allocated 0 pages
[    4.693690] zbud: loaded
[    4.696057] VFS: Disk quotas dquot_6.6.0
[    4.703206] VFS: Dquot-cache hash table entries: 512 (order 0, 4096 bytes)
[    4.704451] squashfs: version 4.0 (2009/01/31) Phillip Lougher
[    4.705844] fuse init (API version 7.23)
[    4.706697] Key type big_key registered
[    4.707381] Allocating IMA MOK and blacklist keyrings.
[    4.721134] Key type asymmetric registered
[    4.725656] Asymmetric key parser 'x509' registered
[    4.731425] Block layer SCSI generic (bsg) driver version 0.4 loaded (major 249)
[    4.733263] io scheduler noop registered
[    4.735372] io scheduler deadline registered (default)
[    4.736230] io scheduler cfq registered
[    4.736971] pci_hotplug: PCI Hot Plug PCI Core version: 0.5
[    4.741389] pciehp: PCI Express Hot Plug Controller Driver version: 0.4
[    4.742627] ACPI: AC Adapter [AC] (on-line)
[    4.743406] input: Power Button as /devices/LNXSYSTM:00/LNXPWRBN:00/input/input0
[    4.744628] ACPI: Power Button [PWRF]
[    4.745383] input: Sleep Button as /devices/LNXSYSTM:00/LNXSLPBN:00/input/input1
[    4.746735] ACPI: Sleep Button [SLPF]
[    4.748449] GHES: HEST is not enabled!
[    4.749202] Serial: 8250/16550 driver, 32 ports, IRQ sharing enabled
[    4.772235] 00:02: ttyS0 at I/O 0x3f8 (irq = 4, base_baud = 115200) is a 16550A
[    4.776844] Linux agpgart interface v0.103
[    4.784097] loop: module loaded
[    4.793136] scsi host0: ata_piix
[    4.796635] scsi host1: ata_piix
[    4.801987] ata1: PATA max UDMA/33 cmd 0x1f0 ctl 0x3f6 bmdma 0xd000 irq 14
[    4.805768] ata2: PATA max UDMA/33 cmd 0x170 ctl 0x376 bmdma 0xd008 irq 15
[    4.808124] libphy: Fixed MDIO Bus: probed
[    4.824880] tun: Universal TUN/TAP device driver, 1.6
[    4.825647] tun: (C) 1999-2004 Max Krasnyansky <maxk@qualcomm.com>
[    4.826685] PPP generic driver version 2.4.2
[    4.827513] ehci_hcd: USB 2.0 'Enhanced' Host Controller (EHCI) Driver
[    4.828485] ehci-pci: EHCI PCI platform driver
[    4.829230] ehci-platform: EHCI generic platform driver
[    4.830050] ohci_hcd: USB 1.1 'Open' Host Controller (OHCI) Driver
[    4.837270] ohci-pci: OHCI PCI platform driver
[    4.838038] ohci-platform: OHCI generic platform driver
[    4.842209] uhci_hcd: USB Universal Host Controller Interface driver
[    4.843256] i8042: PNP: PS/2 Controller [PNP0303:PS2K,PNP0f03:PS2M] at 0x60,0x64 irq 1,12
[    4.858592] serio: i8042 KBD port at 0x60,0x64 irq 1
[    4.859384] serio: i8042 AUX port at 0x60,0x64 irq 12
[    4.860327] mousedev: PS/2 mouse device common for all mice
[    4.869144] input: AT Translated Set 2 keyboard as /devices/platform/i8042/serio0/input/input2
[    4.877399] rtc_cmos rtc_cmos: rtc core: registered rtc_cmos as rtc0
[    4.904348] rtc_cmos rtc_cmos: alarms up to one day, 114 bytes nvram
[    4.906203] i2c /dev entries driver
[    4.908498] device-mapper: uevent: version 1.0.3
[    4.910498] device-mapper: ioctl: 4.34.0-ioctl (2015-10-28) initialised: dm-devel@redhat.com
[    4.913172] ledtrig-cpu: registered to indicate activity on CPUs
[    4.916246] NET: Registered protocol family 10
[    4.923057] NET: Registered protocol family 17
[    4.925415] Key type dns_resolver registered
[    4.928129] registered taskstats version 1
[    4.929374] Loading compiled-in X.509 certificates
[    4.932050] Loaded X.509 cert 'Build time autogenerated kernel key: 0ed82eac04367aa6426493b1389455ebf6830eaa'
[    4.935894] zswap: loaded using pool lzo/zbud
[    4.939068] Key type trusted registered
[    4.950889] Key type encrypted registered
[    4.951664] AppArmor: AppArmor sha1 policy hashing enabled
[    4.977764] ima: No TPM chip found, activating TPM-bypass!
[    4.978795] ima: Allocated hash algorithm: sha1
[    4.984853] evm: HMAC attrs: 0x1
[    4.998513]   Magic number: 7:589:344
[    4.999174] tty tty61: hash matches
[    5.005181] rtc_cmos rtc_cmos: setting system clock to 2019-10-17 19:18:11 UTC (1571339891)
[    5.012811] BIOS EDD facility v0.16 2004-Jun-25, 0 devices found
[    5.014637] EDD information not availle.
 [    5.060025] Freeing unused kernel memory: 1484K
[    5.060890] Write protecting the kernel read-only data: 14336k
[    5.858212] Freeing unused kernel memory: 1608K
[    5.863183] Freeing unused kernel memory: 64K
Loading, please [    5.918677] random: systemd-udevd: uninitialized urandom read (16 bytes read, 3 bits of entropy available)
wait...
startin[    5.919401] random: udevadm: uninitialized urandom read (16 bytes read, 3 bits of entropy available)
g version 229
[    5.919418] random: udevadm: uninitialized urandom read (16 bytes read, 3 bits of entropy available)
[    5.927356] random: udevadm: uninitialized urandom read (16 bytes read, 3 bits of entropy available)
[    5.927402] random: udevadm: uninitialized urandom read (16 bytes read, 3 bits of entropy available)
[    5.927529] random: udevadm: uninitialized urandom read (16 bytes read, 3 bits of entropy available)
[    5.927575] random: udevadm: uninitialized urandom read (16 bytes read, 3 bits of entropy available)
[    5.927620] random: udevadm: uninitialized urandom read (16 bytes read, 3 bits of entropy available)
[    5.927667] random: udevadm: uninitialized urandom read (16 bytes read, 3 bits of entropy available)
[    5.927711] random: udevadm: uninitialized urandom read (16 bytes read, 3 bits of entropy available)
[    6.197986] Fusion MPT base driver 3.04.20
[    6.202598] Copyright (c) 1999-2008 LSI Corporation
[    6.203418] e1000: Intel(R) PRO/1000 Network Driver - version 7.3.21-k8-NAPI
[    6.204382] e1000: Copyright (c) 1999-2006 Intel Corporation.
[    6.210402] Fusion MPT SPI Host driver 3.04.20
[    6.220702] AVX2 version of gcm_enc/dec engaged.
[    6.289253] AES CTR mode by8 optimization enabled
[    6.407078] input: ImExPS/2 Generic Explorer Mouse as /devices/platform/i8042/serio1/input/input4
[    6.657820] e1000 0000:00:03.0 eth0: (PCI:33MHz:32-bit) 02:b4:44:48:64:72
[    6.713417] e1000 0000:00:03.0 eth0: Intel(R) PRO/1000 Network Connection
[    6.730753] mptbase: ioc0: Initiating bringup
[    6.731215] e1000 0000:00:03.0 enp0s3: renamed from eth0
[    6.842331] ioc0: LSI53C1030 A0: Capabilities={Initiator}
[    7.029003] scsi host2: ioc0: LSI53C1030 A0, FwRev=00000000h, Ports=1, MaxQ=256, IRQ=20
[    7.146987] scsi 2:0:0:0: Direct-Access     VBOX     HARDDISK         1.0  PQ: 0 ANSI: 5
[    8.585250] scsi target2:0:0: Beginning Domain Validation
[    8.587803] scsi target2:0:0: Domain Validation skipping write tests
[    8.588659] scsi target2:0:0: Ending Domain Validation
[    8.589407] scsi target2:0:0: asynchronous
[    8.599276] scsi 2:0:1:0: Direct-Access     VBOX     HARDDISK         1.0  PQ: 0 ANSI: 5
[    8.671922] scsi target2:0:1: Beginning Domain Validation
[    9.435419] scsi target2:0:1: Domain Validation skipping write tests
[    9.436352] scsi target2:0:1: Ending Domain Validation
[   10.241067] scsi target2:0:1: asynchronous
[   10.675920] sd 2:0:0:0: [sda] 20971520 512-byte logical blocks: (10.7 GB/10.0 GiB)
[   10.677181] sd 2:0:0:0: [sda] Write Protect is off
[   10.679111] sd 2:0:0:0: [sda] Incomplete mode parameter data
[   10.722661] sd 2:0:0:0: [sda] Assuming drive cache: write through
[   10.723658] sd 2:0:0:0: Attached scsi generic sg0 type 0
[   10.724599]  sda: sda1
[   10.725054] sd 2:0:0:0: [sda] Attached SCSI disk
[   10.843893] sd 2:0:1:0: [sdb] 20480 512-byte logical blocks: (10.5 MB/10.0 MiB)
[   10.860670] sd 2:0:1:0: Attached scsi generic sg1 type 0
[   10.889515] sd 2:0:1:0: [sdb] Write Protect is off
[   10.901072] sd 2:0:1:0: [sdb] Incomplete mode parameter data
[   10.938835] sd 2:0:1:0: [sdb] Assuming drive cache: write through
[   10.942930] sd 2:0:1:0: [sdb] Attached SCSI disk
Begin: Loading e[   12.347679] md: linear personality registered for level -1
ssential drivers[   12.392048] md: multipath personality registered for level -4
 ... [   12.398604] md: raid0 personality registered for level 0
[   12.425265] md: raid1 personality registered for level 1
[   12.502022] raid6: sse2x1   gen()  9923 MB/s
[   12.602017] raid6: sse2x1   xor()  7313 MB/s
[   12.681998] raid6: sse2x2   gen() 12489 MB/s
[   12.762011] raid6: sse2x2   xor()  8089 MB/s
[   12.834027] raid6: sse2x4   gen() 14687 MB/s
[   12.902016] raid6: sse2x4   xor() 10277 MB/s
[   13.034020] raid6: avx2x1   gen() 19416 MB/s
[   13.110001] raid6: avx2x2   gen() 20948 MB/s
[   13.177996] raid6: avx2x4   gen() 25618 MB/s
[   13.179257] raid6: using algorithm avx2x4 gen() 25618 MB/s
[   13.180764] raid6: using avx2x2 recovery algorithm
[   13.183328] xor: automatically using best checksumming function:
[   13.246387]    avx       : 84016.000 MB/sec
[   13.256990] async_tx: api initialized (async)
[   13.272530] md: raid6 personality registered for level 6
[   13.300914] md: raid5 personality registered for level 5
[   13.303433] md: raid4 personality registered for level 4
[   13.309603] md: raid10 personality registered for level 10
done.
Begin: Running /scripts/init-premount ... done.
Begin: Mounting root file system ... Begin: Running /scripts/local-top ... done.
Begin: Running /scripts/local-premount ... [   13.343690] Btrfs loaded
Scanning for Btrfs filesystems
done.
Warning: fsck not present, so sk[   13.381131] EXT4-fs (sda1): mounted filesystem with ordered data mode. Opts: (null)
ipping root file system
done.
Begin: Running /scripts/local-bottom ... done.
Begin: Running /scripts/init-bottom ... done.
[   13.513448] systemd[1]: systemd 229 running in system mode. (+PAM +AUDIT +SELINUX +IMA +APPARMOR +SMACK +SYSVINIT +UTMP +LIBCRYPTSETUP +GCRYPT +GNUTLS +ACL +XZ -LZ4 +SECCOMP +BLKID +ELFUTILS +KMOD -IDN)
[   13.516608] systemd[1]: Detected virtualization oracle.
[   13.518971] systemd[1]: Detected architecture x86-64.

Welcome to [1mUbuntu 16.04.6 LTS[0m!

[   13.542564] systemd[1]: Set hostname to <ubuntu>.
[   13.547130] systemd[1]: Initializing machine ID from random generator.
[   13.548061] systemd[1]: Installed transient /etc/machine-id file.
[   13.699585] systemd[1]: Listening on udev Kernel Socket.
[[0;32m  OK  [0m] Listening on udev Kernel Socket.
[   13.702849] systemd[1]: Set up automount Arbitrary Executable File Formats File System Automount Point.
[[0;32m  OK  [0m] Set up automount Arbitrary Executab...ats File System Automount Point.
[   13.706791] systemd[1]: Listening on Journal Socket (/dev/log).
[[0;32m  OK  [0m] Listening on Journal Socket (/dev/log).
[   13.774408] systemd[1]: Listening on udev Control Socket.
[[0;32m  OK  [0m] Listening on udev Control Socket.
[   13.795357] systemd[1]: Listening on LVM2 metadata daemon socket.
[[0;32m  OK  [0m] Listening on LVM2 metadata daemon socket.
[   13.797268] systemd[1]: Listening on LVM2 poll daemon socket.
[[0;32m  OK  [0m] Listening on LVM2 poll daemon socket.
[   13.814651] systemd[1]: Created slice Us a Sessonlice.

[[0;32m  OK  [0m] Created slice User and Session Slice.
[   13.987169] systemd[1]: Started Trigger resolvconf update for networkd DNS.
[[0;32m  OK  [0m] Started Trigger resolvconf update for networkd DNS.
[   13.989168] systemd[1]: Reached target Encrypted Volumes.
[[0;32m  OK  [0m] Reached target Encrypted Volumes.
[   13.991021] systemd[1]: Reached target System Time Synchronized.
[[0;32m  OK  [0m] Reached target System Time Synchronized.
[   14.028708] systemd[1]: Reached target Swap.
[[0;32m  OK  [0m] Reached target Swap.
[   14.030223] systemd[1]: Reached target User and Group Name Lookups.
[[0;32m  OK  [0m] Reached target User and Group Name Lookups.
[   14.032071] systemd[1]: Listening on Syslog Socket.
[[0;32m  OK  [0m] Listening on Syslog Socket.
[   14.050225] systemd[1]: Listening on Device-mapper event daemon FIFOs.
[[0;32m  OK  [0m] Listening on Device-mapper event daemon FIFOs.
[   14.057387] systemd[1]: Listening on Journal Audit Socket.
[[0;32m  OK  [0m] Listening on Journal Audit Socket.
[   14.085568] systemd[1]: Started Forward Password Requests to Wall Directory Watch.
[[0;32m  OK  [0m] Started Forward Password Requests to Wall Directory Watch.
[   14.129184] systemd[1]: Listening on /dev/initctl Compatibility Named Pipe.
[[0;32m  OK  [0m] Listening on /dev/initctl Compatibility Named Pipe.
[   14.131208] systemd[1]: Listening on Journal Socket.
[[0;32m  OK  [0m] Listening on Journal Socket.
[   14.133122] systemd[1]: Created slice System Slice.
[[0;32m  OK  [0m] Created slice System Slice.
[   14.178190] systemd[1]: Starting Set console keymap...
         Starting Set console keymap...
[   14.242222] systemd[1]: Mounting Huge Pages File System...
         Mounting Huge Pages File System...
[   14.310313] systemd[1]: Starting Journal Service...
         Starting Journal Service...
[   14.335098] systemd[1]: Mounting Debug File System...
         Mounting Debug File System...
[   14.361046] systemd[1]: Starting Uncomplicated firewall...
         Starting Uncomplicated firewall...
[   14.365281] systemd[1]: Starting Nameserver information manager...
         Starting Nameserver information manager...
[   14.388864] systemd[1]: Starting Remount Root and Kernel File Systems...
         Starting Remount Root and Kernel File Systems...[   14.406597] EXT4-fs (sda1): re-mounted. Opts: (null)

[   14.423036] systemd[1]: Created slice system-serial\x2dgetty.slice.
[[0;32m  OK  [0m] Created slice system-serial\x2dgetty.slice.
[   14.427709] systemd[1]: Starting Load Kernel Modules...
         Starting Load Kernel Modules...
[   14.438352] systemd[1]: Starting Monitoring of LVM2 mirrors, snapshots etc. using dmeventd or progress polling...
         Starting Monitoring of LVM2 mirrors... dmeventd or progress polling...
[   14.441571] systemd[1]: Reached target Slices.
[[0;32m  OK  [0m] Reached target Slices.
[   14.444001] systemd[1]: Mounting POSIX Message Queue File System...
         [   14.461223] Loading iSCSI transport class v2.0-870.
Mounting POSIX Message Queue File System...
[   14.520533] iscsi: registered transport (tcp)
[   14.578209] systemd[1]: Starting Create list of required static device nodes for the current kernel...
         [   14.648223] iscsi: registered transport (iser)
Starting Create list of required st... nodes for the current kernel...
[   14.687755] systemd[1]: Mounted POSIX Message Queue File System.
[[0;32m  OK  [0m] Mounted POSIX Message Queue File System.
[   14.698249] systemd[1]: Mounted Debug File System.
[[0;32m  OK  [0m] Mounted Debug File System.
[   14.699872] systemd[1]: Mounted Huge Pages File System.
[[0;32m  OK  [0m] Mounted Huge Pages File System.
[ 1442526] systemd[1]Started Journal Service.

[[0;32m  OK  [0m] Started Journal Service.
[[0;32m  OK  [0m] Started Set console keymap.
[[0;32m  OK  [0m] Started Uncomplicated firewall.
[   14.906958] random: nonblocking pool is initialized
[[0;32m  OK  [0m] Started Remount Root and Kernel File Systems.
[[0;32m  OK  [0m] Started Load Kernel Modules.
[[0;32m  OK  [0m] Started Create list of required sta...ce nodes for the current kernel.
[[0;32m  OK  [0m] Started Nameserver information manager.
[[0;32m  OK  [0m] Started LVM2 metadata daemon.
         Starting Create Static Device Nodes in /dev...
         Starting Apply Kernel Variables...
         Mounting FUSE Control File System...
         Starting udev Coldplug all Devices...
         Starting Load/Save Random Seed...
         Starting Flush Journal to Persistent Storage...
[[0;32m  OK  [0m] Mounted FUSE Control File System.
[[0;32m  OK  [0m] Started Create Static Device Nodes in /dev.
[[0;32m  OK  [0m] Started Apply Kernel Variables.
[[0;32m  OK  [0m] Started Monitoring of LVM2 mirrors,...ng dmeventd or progress polling.
[[0;32m  OK  [0m] Started Load/Save Random Seed.
[[0;32m  OK  [0m] Started udev Coldplug all Devices.
[[0;32m  OK  [0m] Started Flush Journal to Persistent Storage.
         Starting udev Kernel Device Manager...
[[0;32m  OK  [0m] Reached target Local File Systems (Pre).
[[0;32m  OK  [0m] Reached target Local File Systems.
         Starting LSB: AppArmor initialization...
         Starting Set console font and keymap...
         Starting Commit a transient machine-id on disk...
         Starting Tell Plymouth To Write Out Runtime Data...
         Starting Initial cloud-init job (pre-networking)...
         Starting Create Volatile Files and Directories...
[[0;32m  OK  [0m] Started udev Kernel Device Manager.
[[0;32m  OK  [0m] Started Commit a transient machine-id on disk.
[[0;32m  OK  [0m] Started Tell Plymouth To Write Out Runtime Data.
[[0;32m  OK  [0m] Started Create Volatile Files and Directories.
[[0;32m  OK  [0m] Started Set console font and keymap.
[[0;32m  OK  [0m] Found device /dev/ttyS0.
[[0;32m  OK  [0m] Listening on Load/Save RF Kill Switch Status /dev/rfkill Watch.
[[0;32m  OK  [0m] Created slice system-getty.slice.
         Starting Update UTMP about System Boot/Shutdown...
[[0;32m  OK  [0m] Started Dispatch Password Requests to Console Directory Watch.
[[0;32m  OK  [0m] Started Update UTMP about System Boot/Shutdown.
[   14.076704] cloud-init[624]: Cloud-init v. 19.2-36-g059d049c-0ubuntu2~16.04.1 running 'init-local' at Thu, 17 Oct 2019 19:18:23 +0000. Up 13.74 seconds.
[[0;32m  OK  [0m] Started LSB: AppArmor initialization.
[[0;32m  OK  [0m] Started Initial cloud-init job (pre-networking).
[[0;32m  OK  [0m] Reached target Network (Pre).
         Starting Raise network interfaces...
[[0;32m  OK  [0m] Started Raise network interfaces.
[[0;32m  OK  [0m] Reached target Network.
         Starting Initial cloud-init job (metadata service crawler)...
[   15.407158] cloud-init[946]: Cloud-init v. 19.2-36-g059d049c-0ubuntu2~16.04.1 running 'init' at Thu, 17 Oct 2019 19:18:24 +0000. Up 14.75 seconds.
[   15.540521] [cloud-init[0;32m  OK  [0m[946]: ] ci-info: ++++++++++++++++++++++++++++++++++++++Net device info++++++++++++++++++++++++++++++++++++++Started Initial cloud-init job (metadata service crawler).

[   15.548926] [[0;32m  OK  [0m] Reached target System Initialization.
[[0;32m  OK  [0m] Listening on D-Bus System Message Bus Socket.
cloud-init[946]: ci-info: +--------+------+----------------------------+---------------+--------+-------------------+
[   15.620366]          cloud-initStarting LXD - unix socket.[946]: 
ci-info: | Device |  Up  |          Address           |      Mask     | Scope  |     Hw-Address    |
[   15.662395] [cloud-init[0;32m  OK  [0m[946]: ] ci-info: +--------+------+----------------------------+---------------+--------+-------------------+Listening on ACPID Listen Socket.

[   15.673805]          Starting Socket activation for snappy daemon.
[[0;32m  OK  [0m] Started Daily apt download activities.
[[0;32m  OK  [0m] Started Daily apt upgrade and clean activities.
[[0;32m  OK  [0m] Listening on UUID daemon activation socket.
cloud-init[946]: ci-info: | enp0s3 | True |         10.0.2.15          | 255.255.255.0 | global | 02:b4:44:48:64:72 |
[   15.833296] [[0;32m  OK  [0m] Started ACPI Events Check.
[[0;32m  OK  [0m] Reached target Paths.cloud-init
[946]: ci-info: | enp0s3 | True | fe80::b4:44ff:fe48:6472/64 |       .       |  link  | 02:b4:44:48:64:72 |
[   15.856198] [cloud-init[0;32m  OK  [0m] Started Daily Cleanup of Temporary Directories.
[946]: ci-info: |   lo   | True |         127.0.0.1          |   255.0.0.0   |  host  |         .         |
[   16.064362] cloud-init[946]: ci-info: |   lo   | True |          ::1/128           |       .       |  host  |         .         |
[[0;32m  OK  [0m] Started Message of the Day.
[[0;32m  OK  [0m] Reached target Timers.
[[0;32m  OK  [0m] Reached target Network is Online.
[   16.065102] cloud-init[946]: ci-info: +--------+------+----------------------------+---------------+--------+-------------------+
[   16.164281]          Starting iSCSI initiator daemon (iscsid)...
[[0;32m  OK  [0m] Reached target Cloud-config availability.
cloud-init[946]: ci-info: +++++++++++++++++++++++++++Route IPv4 info++++++++++++++++++++++++++++
[   16.272331] [[0;32m  OK  [0m] Listening on LXD - unix socket.
[[0;32m  OK  [0m] Listening on Socket activation for snappy daemon.
cloud-init[946]: ci-info: +-------+-------------+----------+---------------+-----------+-------+
[   16.274762] cloud-init[946]: ci-info: | Route | Destination | Gateway  |    Genmask    | Interface | Flags |
[   16.280658] cloud-init[946]: ci-info: +-------+-------------+----------+---------------+-----------+-------+
[   16.286892] cloud-init[946]: ci-info: |   0   |   0.0.0.0   | 10.0.2.2 |    0.0.0.0    |   enp0s3  |   UG  |
[   16.367656] [[0;32m  OK  [0m] Reached target Sockets.
cloud-init[946]: ci-info: |   1   |   10.0.2.0  | 0.0.0.0  | 255.255.255.0 |   enp0s3  |   U   |
[   16.378899] [[0;32m  OK  [0m] Reached target Basic System.
cloud-init[946]: ci-info: +-------+-------------+----------+---------------+-----------+-------+
[   16.408709]          Starting LSB: MD monitoring daemon...
cloud-init         Starting LXD - container startup/shutdown...
[946]: ci-info: +++++++++++++++++++Route IPv6 info+++++++++++++++++++
[   16.448329] [cloud-init[0;32m  OK  [0m[946]: ] ci-info: +-------+-------------+---------+-----------+-------+Started Regular background program processing daemon.

[   16.448755] cloud-init[946]: ci-info: | Route | Destination | Gateway | Interface | Flags |
         Starting System Logging Service...
[   16.493681] cloud-init[946]: ci-info: +-------+-------------+---------+-----------+-------+
         Starting Pollinate to seed the pseudo random number generator...
[[0;32m  OK  [0m] Started Deferred execution scheduler.
         Starting /etc/rc.local Compatibility...
         Starting LSB: Record successful boot for GRUB...
         Starting Login Service...
[   16.571085] [cloud-init[0;32m  OK  [0m[946]: ] ci-info: |   0   |  fe80::/64  |    ::   |   enp0s3  |   U   |Started ACPI event daemon.

[   16.571432] cloud-init[946]: ci-info: |   3   |   ff00::/8  |    ::   |   enp0s3  |   U   |
[   16.629059] cloud-init[946]: ci-info: +-------+-------------+---------+-----------+-------+
         Starting Virtualbox guest utils...
         Starting Accounts Service...
[   16.637610] cloud-init[946]: Generating public/private rsa key pair.
[   16.696272] [cloud-init[0;32m  OK  [0m[946]: ] Your identification has been saved in /etc/ssh/ssh_host_rsa_key.Started D-Bus System Message Bus.

[[0;32m  OK  [0m] Started FUSE filesystem for LXC.
[   16.724867] cloud-init[946]: Your public key has been saved in /etc/ssh/ssh_host_rsa_key.pub.
[   16.804323]          cloud-initStarting Snappy daemon...[946]: 
The key fingerprint is:
[   16.848485] [[0;32m  OK  [0m] Started System Logging Service.
cloud-init[946]: SHA256:juCCxkT423OpAlPM8wNLua8wKZ5J9SiNdbcUeV44vls root@ubuntu-xenial
[[0;32m  OK  [0m] Started iSCSI initiator daemon (iscsid).
[   16.863505] cloud-init[946]: The key's randomart image is:[[0;32m  OK  [0m] Started LXD - container startup/shutdown.

[   16.889659] [[0;32m  OK  [0m] Started /etc/rc.local Compatibility.
cloud-init[946]: +---[RSA 2048]----+
[   16.920049] cloud-init[946]: |                 |
[[0;32m  OK  [0m] Started LSB: MD monitoring daemon.
[   16.920584] cloud-init[946]: |.       . .      |
[[0;32m  OK  [0m] Started LSB: Record successful boot for GRUB.
[   16.948127] cloud-init[946]: |.+ .   o + .     |
[   16.997383] cloud-init[946]: |..O     = o      |
[   17.004245] [cloud-init[0;32m  OK  [0m] Started Login Service.
[946]: | +.O.. oSo       |
[   17.048564] [[0;32m  OK  [0m] Started Snappy daemon.
[[0;32m  OK  [0m] Started Virtualbox guest utils.
cloud-init[946]: |=oB+*.o+. .      |
[   17.051080] cloud-init[946]: |*Oo++o+... E     |
         Starting Wait until snapd is fully seeded...
[[0;32m  OK  [0m] Started Unattended Upgrades Shutdown.
[   17.085822] cloud-init[946]: |=o=..+    o      |
         Starting Authenticate and Authorize Users to Run Privileged Tasks...
[   17.136848] cloud-init[946]: | +.o.    .       |
         Starting Login to default iSCSI targets...
[   17.140806] cloud-init[946]: +----[SHA256]-----+
[   17.154829] cloud-init[946]: Generating public/private dsa key pair.
[   17.172410] cloud-init[946]: Your identification has been saved in /etc/ssh/ssh_host_dsa_key.
[[0;32m  OK  [0m] Started Login to default iSCSI targets.
[[0;32m  OK  [0m] Started Authenticate and Authorize Users to Run Privileged Tasks.
[   17.222448] cloud-init[946]: Your public key has been saved in /etc/ssh/ssh_host_dsa_key.pub.
[   17.264248] cloud-init[946]: The key fingerprint is:
[   17.277509] cloud-init[946]: SHA256:Efpd/e1Z6+ot8eNLJ4q1/lGz0F7sOJDThcQXTvkSwn0 root@ubuntu-xenial
[   17.287344] cloud-init[946]: The key's randomart image is:
[[0;32m  OK  [0m] Started Accounts Service.
[   17.307769] [[0;32m  OK  [0m] Reached target Remote File Systems (Pre).
[[0;32m  OK  [0m] Reached target Remote File Systems.cloud-init[946]: +---[DSA 1024]----+
[   17.326320] cloud-init[946]: |        .  . o.oo|
[   17.326425] cloud-init[946]: |       . .  oo*oE|
[   17.329507] cloud-init[946]: |      . .   ..o=o|

[   17.337097] cloud-init[946]: |       . o . oo+o|
[   17.368216] cloud-init[946]: |        S . +..+B|
[   17.368407] cloud-init[946]: |             +o=B|
[   17.368621] cloud-init[946]: |            . B*+|
[   17.368722] cloud-init[946]: |           o ++*.|
[   17.368823] cloud-init[946]: |          ..=+==o|
[   17.368922] cloud-init[946]: +----[SHA256]-----+
[   17.369098] cloud-init[946]: Generating public/private ecdsa key pair.
[   17.369233] cloud-init[946]: Your identification has been saved in /etc/ssh/ssh_host_ecdsa_key.
[   17.369342] cloud-init[946]: Your public key has been saved in /etc/ssh/ssh_host_ecdsa_key.pub.
[   17.369468] cloud-init[946]: The key fingerprint is:
[   17.369573] cloud-init[946]: SHA256:+UGpJ8CGZU/gHVee62xWOJOGqjiqe22Pyb2zr0YIUX0 root@ubuntu-xenial
[   17.369675] cloud-init[946]: The key's randomart image is:
[   17.369886] cloud-init[946]: +---[ECDSA 256]---+
[   17.369985] cloud-init[946]: |   ...+.o ...    |
[   17.370085] cloud-init[946]: |  .  *.+Eo o .   |
[   17.370183] cloud-init[946]: |   .. =.o o o    |
[   17.370282] cloud-init[946]: |  .  . . + . +   |
[   17.370391] cloud-init[946]: |   . .  S + B .  |
[   17.370494] cloud-init[946]: |    . .  = = +   |
[   17.370593] cloud-init[946]: |   . .  . . =    |
[   17.370691] cloud-init[946]: |  ..+=o.   o     |
[   17.370796] cloud-init[946]: |o+.o=+B*.        |
[   17.370903] cloud-init[946]: +----[SHA256]-----+
[   17.370999] cloud-init[946]: Generating public/private ed25519 key pair.
[   17.371101] cloud-init[946]: Your identification has been saved in /etc/ssh/ssh_host_ed25519_key.
[   17.371203] cloud-init[946]: Your public key has been saved in /etc/ssh/ssh_host_ed25519_key.pub.
[   17.371304] cloud-init[946]: The key fingerprint is:
[   17.371409] cloud-init[946]: SHA256:MQiDmde+Zjym9eeD7ishH3ODrxZ7poZyFwYc22CuzQ8 root@ubuntu-xenial
[   17.371510] cloud-init[946]: The key's randomart image is:
[   17.371608] cloud-init[946]: +--[ED25519 256]--+
[   17.371709] cloud-init[946]: |   +o.           |
[   17.371893] cloud-init[946]: |  + =o..         |
         Starting LSB: automatic crash report generation...
[   17.371994] cloud-init[946]: |   = *. o        |
[   17.711724] cloud-init[946]: |    = o  o       |
[   17.711835] cloud-init[946]: |   + o oS        |
[   17.713226] cloud-init[946]: |  . E ^ o        |
[   17.713856] cloud-init[946]: |     & % o       |
[   17.713969] cloud-init[946]: |  . + O * o      |
[   17.714637] cloud-init[946]: |   o +oO++..     |
[   17.714717] cloud-init[946]: +----[SHA256]-----+
         Starting LSB: Set the CPU Frequency Scaling governor to "ondemand"...
         Starting Permit User Sessions...
         Starting LSB: daemon to balance interrupts for SMP systems...
[[0;32m  OK  [0m] Started Pollinate to seed the pseudo random number generator.
[[0;32m  OK  [0m] Started Permit User Sessions.
[[0;32m  OK  [0m] Started LSB: automatic crash report generation.
[[0;32m  OK  [0m] Started LSB: Set the CPU Frequency Scaling governor to "ondemand".
         Starting Terminate Plymouth Boot Screen...
         Starting Hold until boot process finishes up...
         Starting OpenBSD Secure Shell server...
[[0;32m  OK  [0m] Started LSB: daemon to balance interrupts for SMP systems.
[[0;32m  OK  [0m] Started Terminate Plymouth Boot Screen.
[[0;32m  OK  [0m] Started Hold until boot process finishes up.
[[0;32m  OK  [0m] Started OpenBSD Secure Shell server.
[[0;32m  OK  [0m] Started Getty on tty1.
         Starting Set console scheme...
[[0;32m  OK  [0m] Started Serial Getty on ttyS0.
[[0;32m  OK  [0m] Reached target Login Prompts.
[[0;32m  OK  [0m] Started Set console scheme.
[[0;32m  OK  [0m] Created slice User Slice of vagrant.
         Starting User Manager for UID 1000...
[[0;32m  OK  [0m] Started User Manager for UID 1000.
[[0;32m  OK  [0m] Started Session 1 of user vagrant.
[[0;32m  OK  [0m] Started Wait until snapd is fully seeded.
         Starting Apply the settings specified in cloud-config...
[[0;32m  OK  [0m] Reached target Multi-User System.
[[0;32m  OK  [0m] Reached target Graphical Interface.
         Starting Update UTMP about System Runlevel Changes...
[[0;32m  OK  [0m] Started Update UTMP about System Runlevel Changes.
[   19.498117] cloud-init[1378]: Generating locales (this might take a while)...
[   20.234094] cloud-init[1378]:   en_US.UTF-8... done
[   20.235345] cloud-init[1378]: Generation complete.
[   20.494659] cloud-init[1378]: Cloud-init v. 19.2-36-g059d049c-0ubuntu2~16.04.1 running 'modules:config' at Thu, 17 Oct 2019 19:18:28 +0000. Up 19.40 seconds.
[[0;32m  OK  [0m] Started Apply the settings specified in cloud-config.
         Starting Execute cloud user/final scripts...
ci-info: no authorized ssh keys fingerprints found for user ubuntu.
<14>Oct 17 19:18:30 ec2: 
<14>Oct 17 19:18:30 ec2: #############################################################
<14>Oct 17 19:18:30 ec2: -----BEGIN SSH HOST KEY FINGERPRINTS-----
<14>Oct 17 19:18:30 ec2: 1024 SHA256:Efpd/e1Z6+ot8eNLJ4q1/lGz0F7sOJDThcQXTvkSwn0 root@ubuntu-xenial (DSA)
<14>Oct 17 19:18:30 ec2: 256 SHA256:+UGpJ8CGZU/gHVee62xWOJOGqjiqe22Pyb2zr0YIUX0 root@ubuntu-xenial (ECDSA)
<14>Oct 17 19:18:30 ec2: 256 SHA256:MQiDmde+Zjym9eeD7ishH3ODrxZ7poZyFwYc22CuzQ8 root@ubuntu-xenial (ED25519)
<14>Oct 17 19:18:30 ec2: 2048 SHA256:juCCxkT423OpAlPM8wNLua8wKZ5J9SiNdbcUeV44vls root@ubuntu-xenial (RSA)
<14>Oct 17 19:18:30 ec2: -----END SSH HOST KEY FINGERPRINTS-----
<14>Oct 17 19:18:30 ec2: #############################################################
-----BEGIN SSH HOST KEY KEYS-----
ecdsa-sha2-nistp256 AAAAE2VjZHNhLXNoYTItbmlzdHAyNTYAAAAIbmlzdHAyNTYAAABBBFQvwfpVYbakxk2XmvgTBV677v4OkKpntI+BZGbF/LJLMhWAi5jgqMCc4ih/5Rlrrl2rGrJVWCYBZo/hIpzzOH4= root@ubuntu-xenial
ssh-ed25519 AAAAC3NzaC1lZDI1NTE5AAAAII0YtANh7vdouAzX4kv3U5UW3xOLzfnQZ6QEQeVCwjLO root@ubuntu-xenial
ssh-rsa AAAAB3NzaC1yc2EAAAADAQABAAABAQC+LLyF30qz8q+I9izAUY4OlEiW95SzGMLWCMndsSfIxzP0k68oGHCIfJMLWdDkoZfClGFzvc7EhO8Hqb7TbkIhb3fptIGKCZZNLb2WkTol0Ka8rPub2UcuWDfmvMSHMO7DDBV4jii8b1kLLHg43jvx14pNgo3o55RW2zkW5WwG5iNCVlEUKGkW5xNpBohMsKGSw1hB9P6RIiwikL76bN4ttkdj7LBXegRr95FSNqp1/Kc0nbp8IJntRFhI6BfTWaGus/Li/EYJPtOfE5UGhSlE/AXvrwcC4jOaVFeu6SCdwTYwu8zZLj2tt3D4a+UKmt9ZCwxaep7c0zZXkI6lXDeJ root@ubuntu-xenial
-----END SSH HOST KEY KEYS-----
[   21.069263] cloud-init[1506]: Cloud-init v. 19.2-36-g059d049c-0ubuntu2~16.04.1 running 'modules:final' at Thu, 17 Oct 2019 19:18:30 +0000. Up 20.83 seconds.
[   21.098230] cloud-init[1506]: ci-info: no authorized ssh keys fingerprints found for user ubuntu.
[   21.149915] cloud-init[1506]: Cloud-init v. 19.2-36-g059d049c-0ubuntu2~16.04.1 finished at Thu, 17 Oct 2019 19:18:30 +0000. Datasource DataSourceNoCloud [seed=/dev/sdb][dsmode=net].  Up 21.06 seconds
[[0;32m  OK  [0m] Started Execute cloud user/final scripts.
[[0;32m  OK  [0m] Reached target Cloud-init target.

Ubuntu 16.04.6 LTS ubuntu-xenial ttyS0

ubuntu-xenial login: [[0;32m  OK  [0m] Stopped target Graphical Interface.
         Stopping ACPI event daemon...
[[0;32m  OK  [0m] Closed Load/Save RF Kill Switch Status /dev/rfkill Watch.
         Stopping User Manager for UID 1000...
         Stopping Session 3 of user vagrant.
         Stopping Accounts Service...
         Stopping Authenticate and Authorize Users to Run Privileged Tasks..K[[0;32m  OK  [0m] Stopped Deferred execution scheduler.
[[0;32m  OK  [0m] Stopped Accounts Service.
[[0;32m  OK  [0m] Stopped ACPI event daemon.
[[0;32m  OK  [0m] Stopped Unattended Upgrades Shutdown.
[[0;32m  OK  [0m] Stopped Authenticate and Authorize Users to Run Privileged Tasks.
[[0;32m  OK  [0m] Stopped OpenBSD Secure Shell server.
[[0;32m  OK  [0m] Stopped Getty on tty1.
[[0;32m  OK  [0m] Stopped Serial Getty on ttyS0.
[[0;32m  OK  [0m] Stopped User Manager for UID 1000.
[[0;32m  OK  [0m] Stopped Session 3 of user vagrant.
[[0;32m  OK  [0m] Stopped D-Bus System Message Bus.
[[0;32m  OK  [0m] Stopped FUSE filesystem for LXC.
[[0;32m  OK  [0m] Stopped LSB: Set the CPU Frequency Scaling governor to "ondemand".
[[0;32m  OK  [0m] Stopped LXD - container startup/shutdown.
[[0;32m  OK  [0m] Stopped LSB: automatic crash report generation.
[[0;32m  OK  [0m] Stopped LSB: MD monitoring daemon.
[[0;32m  OK  [0m] Stopped LSB: Record successful boot for GRUB.
[[0;32m  OK  [0m] Stopped Virtualbox guest utils.
[[0;32m  OK  [0m] Stopped LSB: daemon to balance interrupts for SMP systems.
[[0;32m  OK  [0m] Removed slice User Slice of vagrant.
[[0;32m  OK  [0m] Removed slice system-serial\x2dgetty.slice.
[[0;32m  OK  [0m] Removed slice system-getty.slice.
[[0;32m  OK  [0m] Stopped /etc/rc.local Compatibility.
         Stopping Permit User Sessions...
         Stopping Login Service...
[[0;32m  OK  [0m] Stopped Permit User Sessions.
[[0;32m  OK  [0m] Stopped target Remote File Systems.
[[0;32m  OK  [0m] Stopped target Remote File Systems (Pre).
         Stopping Login to default iSCSI targets...
[[0;32m  OK  [0m] Stopped Login Service.
[[0;32m  OK  [0m] Stopped Login to default iSCSI targets.
         Stopping iSCSI initiator daemon (iscsid)...
[[0;32m  OK  [0m] Stopped target User and Group Name Lookups.
[[0;32m  OK  [0m] Stopped target Basic System.
[[0;32m  OK  [0m] Stopped target Paths.
[[0;32m  OK  [0m] Stopped Dispatch Password Requests to Console Directory Watch.
[[0;32m  OK  [0m] Stopped ACPI Events Check.
[[0;32m  OK  [0m] Stopped Forward Password Requests to Wall Directory Watch.
[[0;32m  OK  [0m] Stopped target Slices.
[[0;32m  OK  [0m] Stopped target Sockets.
[[0;32m  OK  [0m] Closed ACPID Listen Socket.
[[0;32m  OK  [0m] Closed LXD - unix socket.
[[0;32m  OK  [0m] Closed UUID daemon activation socket.
[[0;32m  OK  [0m] Closed Syslog Socket.
[[0;32m  OK  [0m] Closed Socket activation for snappy daemon.
[[0;32m  OK  [0m] Removed slice User and Session Slice.
[[0;32m  OK  [0m] Closed D-Bus System Message Bus Socket.
[[0;32m  OK  [0m] Stopped target System Initialization.
[[0;32m  OK  [0m] Stopped Create Volatile Files and Directories.
[[0;32m  OK  [0m] Stopped target Encrypted Volumes.
[[0;32m  OK  [0m] Stopped target Swap.
         Stopping Load/Save Random Seed...
[[0;32m  OK  [0m] Stopped Commit a transient machine-id on disk.
[[0;32m  OK  [0m] Stopped iSCSI initiator daemon (iscsid).
[[0;32m  OK  [0m] Stopped Load/Save Random Seed.
[[0;32m  OK  [0m] Stopped target Network is Online.
[[0;32m  OK  [0m] Stopped target Network.
[[0;32m  OK  [0m] Stopped Initial cloud-init job (metadata service crawler).
         Stopping Raise network interfaces...
[[0;32m  OK  [0m] Stopped Raise network interfaces.
[[0;32m  OK  [0m] Stopped target Local File Systems.
         Unmounting /vagrant...
         Unmounting /run/user/1000...
[[0;32m  OK  [0m] Stopped Apply Kernel Variables.
[[0;32m  OK  [0m] Stopped Load Kernel Modules.
[[0;32m  OK  [0m] Stopped target Network (Pre).
[[0;32m  OK  [0m] Stopped Initial cloud-init job (pre-networking).
[[0;32m  OK  [0m] Unmounted /vagrant.
[[0;32m  OK  [0m] Unmounted /run/user/1000.
[[0;32m  OK  [0m] Reached target Unmount All Filesystems.
[[0;32m  OK  [0m] Stopped target Local File Systems (Pre).
[[0;32m  OK  [0m] Stopped Create Static Device Nodes in /dev.
         Stopping Monitoring of LVM2 mirrors... dmeventd or progress polling...
[[0;32m  OK  [0m] Stopped Remount Root and Kernel File Systems.
[[0;32m  OK  [0m] Reached target Shutdown.
[  581.374107] reboot: Power down
