[    0.00000]Initializing cgroup subsys cpuset
[    0.000000] Initializing cgroup subsys cpu
[    0.000000] Initializing cgroup subsys cpuacct
[    0.000000] Linux version 4.4.0-165-generic (buildd@lgw01-amd64-027) (gcc version 5.4.0 16609 (Ubuntu 5.4.0-6ubuntu1~16.04.10) ) #193-Ubuntu MP Tue Sep 17 17:42:52 UTC 2019 (Ubuntu 4.4.0-165.193-generic 4.4.189)
[    0.000000] Command line: BOOTIMAGE=/boo/vliuz-4.4.0-165-generic ro=LEL=cloudimg-rootfs ro console=tty1 console=ttyS0
[    0.000000] KERNEL supported cpus:
[    0.000000]   Intel GenuinInl
[   0.000000]   AMD AuthenticAMD
[    0.000000]   Centau CtaurHauls
[    0.000000] x86/fpu: xstate_offset[2]:  576, xstate_sizes[2]:  256
[    0.000000] x86/fpu: Supporting XSAVE feature 0x01: 'x87 floating point registers'
[    0.000000] x86/fpu: Supporting XSAVE feature 0x02: 'SSE registers'
[    0.000000] x86/fpu: Supporting XSAVE feature 0x04: 'AVX registers'
[    0.000000] x86/fpu: Enabled xstate features 0x7, context size is 832 bytes, uing 'stada' ormat.
[    0.000000] e820: BIOS-provided physical RAM map:
[    0.000000] BIOS-e820: [mem 0x0000000000000000-0x000000000009fbff] usable
[    0.000000] BIOS-e820: [mem 0x000000000009fc00-0x000000000009ffff] reserved
[    0.000000] BIOS-e820: [mem 0x00000000000f0000-0x00000000000fffff] reserved
[    0.000000] BIOS-e820: [mem 0x0000000000100000-0x000000003ffeffff] usable
[    0.000000] BIOS-e820: [mem 0x000000003fff0000-0x000000003fffffff] ACPI data
[    0.000000] BIOS-e820: [mem 0x00000000fec00000-0x00000000fec00fff] reserved
[    0.000000] BIOS-e820: [mem 0x00000000fee00000-0x00000000fee00fff] reserved
[    0.000000] BIOS-e20: [mem 0x00000000fffc0000-0x00000000ffffffff] reserved
[    0.000000] NX (Execute Disable) protection: active
[    0.0000]MBIOS 2.5 present.
[    0.000000] Hypervisor detected: KVM
[    0.00000e80:last_pfn = 0x3fff0 max_arch_pfn = 0x400000000
[    0.000000] MTRR: Disabled
[    0.000000] x86/PAT: MTRRs disabled, skipping PAT initialization too.
[    0.000000] CPU MTRRs all blank - virtualized system.
[    0.000000] x86/PAT: Configuration [0-7]: WB  WT  UC- UC  WB  WT  UC- UC  
[    0.000000] found SMP MP-table at [mem 0x0009fff0-0x0009ffff] mapped at [ffff88000009fff0]
[    0.000000] Scanning 1 areas for lowemry cruption
[    0.000000] RAMDISK: [mem 0x362f8000-0x37173fff]
[    0.000000] ACPI: Early table checksum verification disabled
[    0.000000] ACPI: RSDP 0x00000000000E0000 000024 (v02 VBOX  )
[    0.000000] ACPI: XSDT 0x000000003FFF0030 00003C (v01 VBOX   VBOXXSDT 00000001 ASL  000001)
[    00000] CPI:FACP x0000003FFF0F000F4 (v04 VBOX   VOXCP0000001 ASL  00000061)
[    0.000000] ACPI: DSDT 0x000000003FFF0470 0021FF (v02 VBOX   VBOXBIOS 00000002 INTL 20180105)
[    0.000000] ACPI: FACS 0x000000003FFF0200 000040
[    0.000000] ACPI: FACS 0x000000003FFF0200 000040
[    0.000000] ACPI: APIC 0x000000003FFF0240 00005C (v02 VBOX   VBOXAPIC 00000001 ASL  00000061)
[  0.00000]AC: SDT x00003FFF02A0 0001CC (v01 VBOX   VBOXCPUT 00000002 INTL 20180105)
[    0.000000] No NUMA configurationn found
[    0.000000] Faking a node at [mem 0x0000000000000000-0x000000003ffeffff]
[    0.000000] NODE_DATA(0) allocated [mem 0x3ffeb000-0x3ffeffff]
[    0.000000] kvm-clock: Using msrs 4b564d01 and 4b564d
   0.000000] kvm-clock: cpu 0, msr 0:3ffe3001, primary cpu clock
[    0.000000] kvm-clock: using sched offset of 3136150189 cycles
[    0.000000] clocksource: kvm-clock: mask: 0xffffffffffffffff max_cycles: 0x1cd42e4dffb, max_idle_ns: 881590591483 ns
[    0.000000] Zone ranges:
[    0.000000]   DMA      [mem 0x0000000000001000-0x0000000000ffffff]
[    0.000000]   DMA32    [mem 0x0000000001000000-0x000000003ffeffff]
[    0.000000]   Normal   empty
[    0.000000]   Device   empty
[   0.000] Moblezonestat oreach node[   0.000] Erlmeory node ranges
[    0.000000]   node   0: [mem 0x0000000000001000-0x000000000009efff]
[    0.000000]   node   0: [mem 0x0000000000100000-0x000000003ffeffff]
[    0.000000] Initmem setup node 0 [mem 0x0000000000001000-0x000000003ffeffff]
[    0.000000] ACPI: PM-Timer IO Port: 0x4008
[    0.000000] IOAPIC[0]: apic_id 2, version 32, address 0xfec00000, GSI 0-23
[    0.000000] ACPI: INT_SRC_OVR (bus 0 bus_irq 0 global_irq 2 dfl dfl)
[    0.000000] ACPI: INT_SRC_OVR (bus 0 bus_irq 9 global_irq 9 low level
    0.000000] Using ACPI (MADT) for SMP configuration inormaio
[    0.000000] smpboot: Allowing 2 CPUs, 0 hotplug CPUs
[    0.000000] PM: Registered nosave memory: [mem 0x00000000-0x00000fff]
[    0.000000] PM: Registere nsave memory: emx009f000-0x0009ffff]
[    0.000000] PM: Registered nosave memory: [mem 0x00a00-x000effff]
[    0000] PM: Registered nosave memry: [mem 0x000f0000-0x000fffff]
[    0.000000] e820: [mem 0x40000000-0xfebfffff] availae fr PCIdevies
[   000000] Booting paravirtualized kernel on KVM
[    0.000000] clocksource: refined-jiffies: mask: 0xffffffff max_cycles: 0xffffffff, max_idle_ns: 7645519600211568 ns
[    0.000000] setup_percpu: NR_CPUS:512 nr_cpumask_bits:512 nr_cpu_ids:2 nr_node_s:
[    0.000]PERPU Eeded 34 pagespuffff880300000 s99544 r8192 d31528 u1048576
[    0.000000] Built 1 zonelists in Node order, mobility grouping on.  Total pages: 2792
[  000000] Policy zone: DMA32
[    0.000000] Kerne cmmnd line: BOOT_IMAGE=/boot/vmlinuz-4.4.0-165-generic root=LABEL=cloudimg-rootfs ro console=tty1 console=tty0
[  0.000000] PID hash table entries: 4096 (order: 3, 32768 bytes)
[    0.000000] Memory: 997728K/1048120K available (8621K kernel code, 1335K rwdata, 4032K rodata, 1484K init, 1284K bss, 50392K reserved, 0K cma-reserved)
[    0.000000] SLUB: HWalign=64, Order=0-3, MinObjects=0, CPUs=2, Nodes=1
[    0.000000] Kernel/User page tables isolation: enabled
[    0.000000] Hierarchical RCU implementation.
[    0.000000] 	Build-time adjustment of leaf fanout to 64.
[    0.000000] 	RCU restricting CPUs from NR_CPUS=512 to nr_cpu_ids=2.
[    0.000000] RCU: Adjusting geometry for rcu_fanout_leaf=64, nr_cpu_s=2
[    0.000000] NR_IRQS:33024 nr_irqs:440 16
[    0.000000] Console: colour VGA+ 80x25
[    0.000000] console [tty1] enabled
[    0.000000] console [ttyS0] enabled
[    0.000000] tsc: Detected 3192.606 MHz processor
[    2.237732] Calibrating delay loop (skipped) preset value.. 6385.21 BogoMIPS (lpj=12770424)
[    2.239050] pid_max: default: 32768 minimum: 301
[    2.239772] ACPI: Core revision 20150930
[    2.241200] ACPI: 2 ACPI AML tables successfully acquired and loaded
[    2.242231] Security Framework initialized
[    2.242872] Yama: becoming mindful.
[    2.243467] AppArmor: AppArmor initialized
[    2.244214] Dentry cache hash table entries: 131072 (order: 8, 1048576 bytes)
[    2.252681] Inode-cache hash table entries: 65536 (order: 7, 524288 bytes)
[    2.258972] Mount-cache hash table entries: 2048 (order: 2, 16384 bytes)
[    2.260986] Mountpoint-cache hash table entries: 2048 (order: 2, 16384 bytes)
[    2.262230] Initializing cgroup subsys io
[    2.262876] Initializing cgroup subsys memory
[    2.268883] Initializing cgroup subsys devices
[    2.272313] Initializing cgroup subsys freezer
[    2.273388] Initializing cgroup subsys net_cls
[    2.279406] Initializing cgroup subsys perf_event
[    2.280160] Initializing cgroup subsys net_prio
[    2.280860] Initializing cgroup subsys hugetlb
[    2.286875] Initializing cgroup subsys pids
[    2.288438] mce: CPU supports 0 MCE banks
[    2.294427] Last level iTLB entries: 4KB 1024, 2MB 1024, 4MB 1024
[    2.295256] Last level dTLB entries: 4KB 1024, 2MB 1024, 4MB 1024, 1GB 4
[    2.296237] Spectre V1 : Mitigation: usercopy/swapgs barriers and __user pointer sanitization
[    2.324817] Spectre V2 : Mitigation: Full generic retpoline
[    2.351972] Spectre V2 : Spectre v2 / SpectreRSB mitigation: Filling RSB on context switch
[    2.353193] Speculative Store Bypass: Vulnerable
[    2.353949] MDS: Vulnerable: Clear CPU buffers attempted, no microcode
[    2.356745] Freeing SMP alternatives memory: 36K
[    2.389412] ftrace: allocating 32318 entries in 127 pages
[    2.481796] smpboot: APIC(0) Converting physical 0 to logical package 0
[    2.500600] smpboot: Max logical packages: 1
[    2.501498] x2apic enabled
[    2.502199] Switched APIC routing to physical x2apic.
[    2.503898] ..TIMER: vector=0x30 apic1=0 pin1=2 apic2=-1 pin2=-1
[    2.659913] smpboot: CPU0: Intel(R) Core(TM) i5-4460  CPU @ 3.20GHz (family: 0x6, model: 0x3c, stepping: 0x3)
[    2.669394] Performance Events: unsupported p6 CPU model 60 no PMU driver, software events only.
[    2.679652] KVM setup paravirtual spinlock
[    2.705206] x86: Booting SMP configuration:
[    2.705873] .... node  #0, CPUs:      #1
[    2.706599] kvm-clock: cpu 1, msr 0:3ffe3041, secondary cpu clock
[    2.759978] mce: CPU supports 0 MCE banks
[    2.804771] x86: Booted up 1 node, 2 CPUs
[    2.805627] smpboot: Total of 2 processors activated (12770.42 BogoMIPS)
[    2.806997] devtmpfs: initialized
[    2.808775] evm: security.selinux
[    2.826871] evm: security.SMACK64
[    2.827429] evm: security.SMACK64EXEC
[    2.828009] evm: security.SMACK64TRANSMUTE
[    2.829732] evm: security.SMACK64MMAP
[    2.844551] evm: security.ima
[    2.845089] evm: security.capability
[    2.845909] clocksource: jiffies: mask: 0xffffffff max_cycles: 0xffffffff, max_idle_ns: 7645041785100000 ns
[    2.860410] futex hash table entries: 512 (order: 3, 32768 bytes)
[    2.864628] pinctrl core: initialized pinctrl subsystem
[    2.888673] RTC time: 19:30:46, date: 10/17/19
[    2.889568] NET: Registered protocol family 16
[    2.899886] cpuidle: using governor ladder
[    2.928079] cpuidle: using governor menu
[    2.969724] PCCT header not found.
[    2.975997] ACPI: bus type PCI registered
[    2.976631] acpiphp: ACPI Hot Plug PCI Controller Driver version: 0.5
[    2.977599] PCI: Using configuration type 1 for base access
[    2.988336] ACPI: Added _OSI(Module Device)
[    3.016545] ACPI: Added _OSI(Processor Device)
[    3.017240] ACPI: Added _OSI(3.0 _SCP Extensions)
[    3.017949] ACPI: Added _OSI(Processor Aggregator Device)
[    3.019368] ACPI: Executed 1 blocks of module-level executable AML code
[    3.022100] ACPI: Interpreter enabled
[    3.022679] ACPI: (supports S0 S5)
[    3.023227] ACPI: Using IOAPIC for interrupt routing
[    3.024078] PCI: Using host bridge windows from ACPI; if necessary, use "pci=nocrs" and report a bug
[    3.028336] ACPI: PCI Root Bridge [PCI0] (domain 0000 [bus 00-ff])
[    3.030356] acpi PNP0A03:00: _OSC: OS supports [ASPM ClockPM Segments MSI]
[    3.102229] acpi PNP0A03:00: _OSC: not requesting OS control; OS requires [ExtendedConfig ASPM ClockPM MSI]
[    3.104882] acpi PNP0A03:00: fail to add MMCONFIG information, can't access extended PCI configuration space under this bridge.
[    3.117863] PCI host bridge to bus 0000:00
[    3.135771] pci_bus 0000:00: root bus resource [io  0x0000-0x0cf7 window]
[    3.136727] pci_bus 0000:00: root bus resource [io  0x0d00-0xffff window]
[    3.148293] pci_bus 0000:00: root bus resource [mem 0x000a0000-0x000bffff window]
[    3.182089] pci_bus 0000:00: root bus resource [mem 0x40000000-0xfdffffff window]
[    3.252173] pci_bus 0000:00: root bus resource [bus 00-ff]
[    3.254168] pci 0000:00:01.1: legacy IDE quirk: reg 0x10: [io  0x01f0-0x01f7]
[    3.255118] pci 0000:00:01.1: legacy IDE quirk: reg 0x14: [io  0x03f6]
[    3.293953] pci 0000:00:01.1: legacy IDE quirk: reg 0x18: [io  0x0170-0x0177]
[    3.294891] pci 0000:00:01.1: legacy IDE quirk: reg 0x1c: [io  0x0376]
[    3.316885] pci 0000:00:07.0: quirk: [io  0x4000-0x403f] claimed by PIIX4 ACPI
[    3.324925] pci 0000:00:07.0: quirk: [io  0x4100-0x410f] claimed by PIIX4 SMB
[    3.337007] ACPI: PCI Interrupt Link [LNKA] (IRQs 5 9 10 *11)
[    3.384831] ACPI: PCI Interrupt Link [LNKB] (IRQs 5 9 *10 11)
[    3.400566] ACPI: PCI Interrupt Link [LNKC] (IRQs 5 *9 10 11)
[    3.411662] ACPI: PCI Interrupt Link [LNKD] (IRQs 5 9 10 *11)
[    3.412910] ACPI: Enabled 2 GPEs in block 00 to 07
[    3.417652] vgaarb: setting as boot device: PCI:0000:00:02.0
[    3.418460] vgaarb: device added: PCI:0000:00:02.0,decodes=io+mem,owns=io+mem,locks=none
[    3.432785] vgaarb: loaded
[    3.449174] vgaarb: bridge control possible 0000:00:02.0
[    3.517908] SCSI subsystem initialized
[    3.537085] ACPI: bus type USB registered
[    3.537710] usbcore: registered new interface driver usbfs
[    3.538510] usbcore: registered new interface driver hub
[    3.539286] usbcore: registered new device driver usb
[    3.540251] PCI: Using ACPI for IRQ routing
[    3.546534] NetLabel: Initializing
[    3.547105] NetLabel:  domain hash size = 128
[    3.555842] NetLabel:  protocols = UNLABELED CIPSOv4
[    3.556921] NetLabel:  unlabeled traffic allowed by default
[    3.557975] amd_nb: Cannot enumerate AMD northbridges
[    3.558764] clocksource: Switched to clocksource kvm-clock
[    3.565260] AppArmor: AppArmor Filesystem Enabled
[    3.567572] pnp: PnP ACPI init
[    3.568834] pnp: PnP ACPI: found 3 devices
[  35793] clocksource: acpi_pm: mask: 0xffffff max_cycles: 0xffffff, max_idle_ns: 2085701024 ns
[    3.685543] NET: Registered protocol family 2

[    3.686373] TCP established hash table entries: 8192 (order: 4, 65536 bytes)
[    3.687375] TCP bind hash table entries: 8192 (order: 5, 131072 bytes)
[    3.688267] TCP: Hash tables configured (established 8192 bind 8192)
[    3.689145] UDP hash table entries: 512 (order: 2, 16384 bytes)
[    3.689939] UDP-Lite hash table entries: 512 (order: 2, 16384 bytes)
[    3.690847] NET: Registered protocol family 1
[    3.691601] pci 0000:00:00.0: Limiting direct PCI/PCI transfers
[    3.692441] pci 0000:00:01.0: Activating ISA DMA hang workarounds
[    3.693362] Unpacking initramfs...
[    3.876412] Freeing initrd memory: 14832K
[    3.917771] RAPL PMU detected, API unit is 2^-32 Joules, 4 fixed counters 10737418240 ms ovfl timer
[    3.968677] hw unit of domain pp0-core 2^-0 Joules
[    3.969423] hw unit of domain package 2^-0 Joules
[    3.970118] hw unit of domain dram 2^-0 Joules
[    3.970778] hw unit of domain pp1-gpu 2^-0 Joules
[    3.971503] clocksource: tsc: mask: 0xffffffffffffffff max_cycles: 0x2e050166e04, max_idle_ns: 440795273449 ns
[    3.972968] platform rtc_cmos: registered platform RTC device (no PNP device found)
[    4.035989] Scanning for low memory corruption every 60 seconds
[    4.051962] audit: initializing netlink subsys (disabled)
[    4.068000] audit: type=2000 audit(1571340648.706:1): initialized
[    4.069135] Initialise system trusted keyring
[    4.136049] HugeTLB registered 2 MB page size, pre-allocated 0 pages
[    4.138131] zbud: loaded
[    4.138942] VFS: Disk quotas dquot_6.6.0
[    4.139606] VFS: Dquot-cache hash table entries: 512 (order 0, 4096 bytes)
[    4.215172] squashfs: version 4.0 (2009/01/31) Phillip Lougher
[    4.216333] fuse init (API version 7.23)
[    4.256149] Key type big_key registered
[    4.256763] Allocating IMA MOK and blacklist keyrings.
[    4.258627] Key type asymmetric registered
[    4.259380] Asymmetric key parser 'x509' registered
[    4.260138] Block layer SCSI generic (bsg) driver version 0.4 loaded (major 249)
[    4.261372] io scheduler noop registered
[    4.262006] io scheduler deadline registered (default)
[    4.262748] io scheduler cfq registered
[    4.263509] pci_hotplug: PCI Hot Plug PCI Core version: 0.5
[    4.265847] pciehp: PCI Express Hot Plug Controller Driver version: 0.4
[    4.268993] ACPI: AC Adapter [AC] (on-line)
[    4.296048] input: Power Button as /devices/LNXSYSTM:00/LNXPWRBN:00/input/input0
[    4.297287] ACPI: Power Button [PWRF]
[    4.297961] input: Sleep Button as /devices/LNXSYSTM:00/LNXSLPBN:00/input/input1
[    4.360178] ACPI: Sleep Button [SLPF]
[    4.361043] GHES: HEST is not enabled!
[    4.361718] Serial: 8250/16550 driver, 32 ports, IRQ sharing enabled
[    4.384089] 00:02: ttyS0 at I/O 0x3f8 (irq = 4, base_baud = 115200) is a 16550A
[    4.485848] Linux agpgart interface v0.103
[    4.519709] loop: module loaded
[    4.568646] scsi host0: ata_piix
[    4.605653] scsi host1: ata_piix
[    4.620241] ata1: PATA max UDMA/33 cmd 0x1f0 ctl 0x3f6 bmdma 0xd000 irq 14
[    4.621225] ata2: PATA max UDMA/33 cmd 0x170 ctl 0x376 bmdma 0xd008 irq 15
[    4.622479] libphy: Fixed MDIO Bus: probed
[    4.635391] tun: Universal TUN/TAP device driver, 1.6
[    4.636138] tun: (C) 1999-2004 Max Krasnyansky <maxk@qualcomm.com>
[    4.637068] PPP generic driver version 2.4.2
[    4.637788] ehci_hcd: USB 2.0 'Enhanced' Host Controller (EHCI) Driver
[    4.638685] ehci-pci: EHCI PCI platform driver
[    4.675733] ehci-platform: EHCI generic platform driver
[    4.720056] ohci_hcd: USB 1.1 'Open' Host Controller (OHCI) Driver
[    4.720932] ohci-pci: OHCI PCI platform driver
[    4.721709] ohci-platform: OHCI generic platform driver
[    4.722450] uhci_hcd: USB Universal Host Controller Interface driver
[    4.723381] i8042: PNP: PS/2 Controller [PNP0303:PS2K,PNP0f03:PS2M] at 0x60,0x64 irq 1,12
[    4.725143] serio: i8042 KBD port at 0x60,0x64 irq 1
[    4.736151] serio: i8042 AUX port at 0x60,0x64 irq 12
[    4.737030] mousedev: PS/2 mouse device common for all mice
[    4.781143] rtc_cmos rtc_cmos: rtc core: registered rtc_cmos as rtc0
[    4.924317] rtc_cmos rtc_cmos: alarms up to one day, 114 bytes nvram
[    4.925267] input: AT Translated Set 2 keyboard as /devices/platform/i8042/serio0/input/input2
[    4.926707] i2c /dev entries driver
[    4.927461] device-mapper: uevent: version 1.0.3
[    4.928202] device-mapper: ioctl: 4.34.0-ioctl (2015-10-28) initialised: dm-devel@redhat.com
[    4.929554] ledtrig-cpu: registered to indicate activity on CPUs
[    4.930959] NET: Registered protocol family 10
[    4.932010] NET: Registered protocol family 17
[    4.932829] Key type dns_resolver registered
[    4.986142] registered taskstats version 1
[    4.986801] Loading compiled-in X.509 certificates
[    4.988109] Loaded X.509 cert 'Build time autogenerated kernel key: 0ed82eac04367aa6426493b1389455ebf6830eaa'
[    4.989705] zswap: loaded using pool lzo/zbud
[    4.992000] Key type trusted registered
[    4.995395] Key type encrypted registered
[    5.017391] AppArmor: AppArmor sha1 policy hashing enabled
[    5.018359] ima: No TPM chip found, activating TPM-bypass!
[    5.019181] ima: Allocated hash algorithm: sha1
[    5.019880] evm: HMAC attrs: 0x1
[    5.067409]   Magic number: 7:795:546
[    5.068278] tty ttyS22: hash matches
[    5.069041] mem null: hash matches
[    5.069686] rtc_cmos rtc_cmos: setting system clock to 2019-10-17 19:30:48 UTC (1571340648)
[    5.071102] BIOS EDD facility v0.16 2004-Jun-25, 0 devices found
[    5.071930] EDD information not available.
[    5.084466] Freeing unused kernel memory: 1484K
[    5.126077] Write protecting the kernel read-only data: 14336k
[    5.127483] Freeing unused kernel memory: 1608K
[    5.128307] Freeing unused kernel memory: 64K
Loading, please wait...
[    5.142029] random: systemd-udevd: uninitialized urandom read (16 bytes read, 2 bits of entropy available)
starting version[    5.142766] random: udevadm: uninitialized urandom read (16 bytes read, 2 bits of entropy available)
 229
[    5.142789] random: udevadm: uninitialized urandom read (16 bytes read, 2 bits of entropy available)
[    5.151052] random: udevadm: uninitialized urandom read (16 bytes read, 2 bits of entropy available)
[    5.151090] random: udevadm: uninitialized urandom read (16 bytes read, 2 bits of entropy available)
[    5.151208] random: udevadm: uninitialized urandom read (16 bytes read, 2 bits of entropy available)
[    5.151250] random: udevadm: uninitialized urandom read (16 bytes read, 2 bits of entropy available)
[    5.151293] random: udevadm: uninitialized urandom read (16 bytes read, 2 bits of entropy available)
[    5.151334] random: udevadm: uninitialized urandom read (16 bytes read, 2 bits of entropy available)
[    5.151379] random: udevadm: uninitialized urandom read (16 bytes read, 2 bits of entropy available)
[    5.332782] e1000: Intel(R) PRO/1000 Network Driver - version 7.3.21-k8-NAPI
[    5.353100] e1000: Copyright (c) 1999-2006 Intel Corporation.
[    5.381452] AVX2 version of gcm_enc/dec engaged.
[    5.393024] Fusion MPT base driver 3.04.20
[    5.393025] Copyright (c) 1999-2008 LSI Corporation
[    5.587598] AES CTR mode by8 optimization enabled
[    5.657626] input: ImExPS/2 Generic Explorer Mouse as /devices/platform/i8042/serio1/input/input4
[    5.828899] Fusion MPT SPI Host driver 3.04.20
[    5.969002] e1000 0000:00:03.0 eth0: (PCI:33MHz:32-bit) 02:b4:44:48:64:72
[    5.975271] e1000 0000:00:03.0 eth0: Intel(R) PRO/1000 Network Connection
[    5.987480] e1000 0000:00:03.0 enp0s3: renamed from eth0
[    6.003774] mptbase: ioc0: Initiating bringup
[    6.130998] ioc0: LSI53C1030 A0: Capabilities={Initiator}
[    6.296002] scsi host2: ioc0: LSI53C1030 A0, FwRev=00000000h, Ports=1, MaxQ=256, IRQ=20
[    6.420078] scsi 2:0:0:0: Direct-Access     VBOX     HARDDISK         1.0  PQ: 0 ANSI: 5
[    6.451856] scsi target2:0:0: Beginning Domain Validation
[    6.458590] scsi target2:0:0: Domain Validation skipping write tests
[    6.471374] scsi target2:0:0: Ending Domain Validation
[    6.480408] scsi target2:0:0: asynchronous
[    6.492058] scsi 2:0:1:0: Direct-Access     VBOX     HARDDISK         1.0  PQ: 0 ANSI: 5
[    7.451884] scsi target2:0:1: Beginning Domain Validation
[    7.454458] scsi target2:0:1: Domain Validation skipping write tests
[    7.455366] scsi target2:0:1: Ending Domain Validation
[    7.456153] scsi target2:0:1: asynchronous
[    7.460498] sd 2:0:0:0: Attached scsi generic sg0 type 0
[    7.461357] sd 2:0:0:0: [sda] 20971520 512-byte logical blocks: (10.7 GB/10.0 GiB)
[    7.488548] sd 2:0:1:0: [sdb] 20480 512-byte logical blocks: (10.5 MB/10.0 MiB)
[    7.489866] sd 2:0:1:0: Attached scsi generic sg1 type 0
[    7.490675] sd 2:0:0:0: [sda] Write Protect is off
[    7.490837] sd 2:0:1:0: [sdb] Write Protect is off
[    7.490896] sd 2:0:1:0: [sdb] Incomplete mode parameter data
[    7.490897] sd 2:0:1:0: [sdb] Assuming drive cache: write through
[    7.589138] sd 2:0:1:0: [sdb] Attached SCSI disk
[    7.598519] sd 2:0:0:0: [sda] Incomplete mode parameter data
[    7.599340] sd 2:0:0:0: [sda] Assuming drive cache: write through
[    7.601529]  sda: sda1
[    7.612172] sd 2:0:0:0: [sda] Attached SCSI disk
Begin: Loading e[    8.934658] md: linear personality registered for level -1
ssential drivers ... [    8.971546] md: multipath personality registered for level -4
[    8.988554] md: raid0 personality registered for level 0
[    8.992662] md: raid1 personality registered for level 1
[    9.062807] raid6: sse2x1   gen()  9938 MB/s
[    9.138824] raid6: sse2x1   xor()  7814 MB/s
[    9.218813] raid6: sse2x2   gen() 12325 MB/s
[    9.330792] raid6: sse2x2   xor()  8560 MB/s
[    9.422811] raid6: sse2x4   gen() 14373 MB/s
[    9.490813] raid6: sse2x4   xor() 10252 MB/s
[    9.598804] raid6: avx2x1   gen() 19284 MB/s
[    9.670823] raid6: avx2x2   gen() 22850 MB/s
[    9.766802] raid6: avx2x4   gen() 26143 MB/s
[    9.790243] raid6: using algorithm avx2x4 gen() 26143 MB/s
[    9.791058] raid6: using avx2x2 recovery algorithm
[    9.796373] xor: automatically using best checksumming function:
[    9.888348]    avx       : 52889.000 MB/sec
[    9.907396] async_tx: api initialized (async)
[    9.917472] md: raid6 personality registered for level 6
[    9.965891] md: raid5 personality registered for level 5
[    9.992595] md: raid4 personality registered for level 4
[   10.017084] md: raid10 personality registered for level 10
done.
Begin: Running /scripts/init-pre[   10.082270] Btrfs loaded
mount ... done.
Begin: Mounting root file system ... Begin: Running /scripts/local-top ... done.
Begin: Running /scripts/local-premount ... Scanning for Btrfs filesystems
done.
Warning: fsck no[   10.123297] EXT4-fs (sda1): mounted filesystem with ordered data mode. Opts: (null)
t present, so skipping root file system
done.
Begin: Running /scripts/local-bottom ... done.
Begin: Running /scripts/init-bottom ... done.
[   10.282576] systemd[1]: systemd 229 running in system mode. (+PAM +AUDIT +SELINUX +IMA +APPARMOR +SMACK +SYSVINIT +UTMP +LIBCRYPTSETUP +GCRYPT +GNUTLS +ACL +XZ -LZ4 +SECCOMP +BLKID +ELFUTILS +KMOD -IDN)
[   00.308049] systemd[1]: Detected virtualization oracle.
[   10.346223] systemd[1]: Detected architecture x86-64.

Welcome to [1mUbuntu 16.04.6 LTS[0m!

[   10.369519] systemd[1]: Set hostname to <ubuntu>.
[   10.380108] systemd[1]: Initializing machine ID from random generator.
[   10.381146] systemd[1]: Installed transient /etc/machine-id file.
[   10.522333] systemd[1]: Listening on Syslog Socket.
[[0;32m  OK  [0m] Listening on Syslog Socket.
[   10.524881] systemd[1]: Created slice User and Session Slice.
[[0;32m  OK  [0m] Created slice User and Session Slice.
[   10.539018] systemd[1]: Listening on /dev/initctl Compatibility Named Pipe.
[[0;32m  OK  [0m] Listening on /dev/initctl Compatibility Named Pipe.
[   10.550510] systemd[1]: Listening on udev Control Socket.
[[0;32m  OK  [0m] Listening on udev Control Socket.
[   10.552085] systemd[1]: Started Trigger resolvconf update for networkd DNS.
[[0;32m  OK  [0m] Started Trigger resolvconf update for networkd DNS.
[   10.554145] systemd[1]: Reached target System Time Synchronized.
[[0;32m  OK  [0m] Reached target System Time Synchronized.
[   10.576147] systemd[1]: Listening on LVM2 poll daemon socket.
[[0;32m  OK  [0m] Listening on LVM2 poll daemon socket.
[   10.622992] systemd[1]: Reached target Encrypted Volumes.
[[0;32m  OK  [0m] Reached target Encrypted Volumes.
[   10.679258] systemd[1]: Created slice System Slice.
[[0;32m  OK  [0m] Created slice System Slice.
[   10.756741] systemd[1]: Reached target Slices.
[[0;32m  OK  [0m] Reached target Slices.
[   10.758099] systemd[1]: Reached target User and Group Name Lookups.
[[0;32m  OK  [0m] Reached target User and Group Name Lookups.
[   10.759730] systemd[1]: Started Forward Password Requests to Wall Directory Watch.
[[0;32m  OK  [0m] Started Forward Password Requests to Wall Directory Watch.
[   10.855060] systemd[1]: Listening on udev Kernel Socket.
[[0;32m  OK  [0m] Listening on udev Kernel Socket.
[   10.919061] systemd[1]: Listening on Journal Socket (/dev/log).
[[0;32m  OK  [0m] Listening on Journal Socket (/dev/log).
[   11.015068] systemd[1]: Reached target Swap.
[[0;32m  OK  [0m] Reached target Swap.
[   11.061792] systemd[1]: Created slice system-serial\x2dgetty.slice.
[[0;32m  OK  [0m] Created slice system-serial\x2dgetty.slice.
[   11.146973] systemd[1]: Listening on Device-mapper event daemon FIFOs.
[[0;32m  OK  [0m] Listening on Device-mapper event daemon FIFOs.
[   11.239038] systemd[1]: Listening on LVM2 metadata daemon socket.
[[0;32m  OK  [0m] Listening on LVM2 metadata daemon socket.
[   11.354972] systemd[1]: Listening on Journal Socket.
[[0;32m  OK  [0m] Listening on Journal Socket.
[   11.425667] systemd[1]: Starting Remount Root and Kernel File Systems...
[   11.433555] EXT4-fs (sda1): re-mounted. Opts: (null)
         Starting Remount Root and Kernel File Systems...
[   11.481314] systemd[1]: Starting Load Kernel Modules...
         Starting Load Kernel Modules...
[   11.498797] systemd[1]: Starting Nameserver information manager...
         Starting Nameserver information manager...
[   11.504956] systemd[1]: Starting Set console keymap...
         Starting Set console keymap...
[   11.509924] systemd[1]: Mounting POSIX Message Queue File System...
[   11.520004] Loading iSCSI transport class v2.0-870.
         Mounting POSIX Message [   11.540085] iscsi: registered transport (tcp)
Queue File System...
[   11.555950] systemd[1]: Starting Uncomplicated firewall...
         Starting Uncomplicated firewall...
[   11.560957] systemd[1]: Mounting Debug File System...
         Mounting Debug File System...
[   11.571846] systemd[1]: Starting Create list of required static device nodes for the current kernel...
         Starting Create list of required st... nodes for the current kernel...
[   11.577737] systemd[1]: Set up automount Arbitrary Executable File Formats File System Automount Point.
[[0;32m  OK  [0m] Set up automount Arbitrary Executab...ats File System Automount Point.
[   11.588882] systemd[1]: Mounting Huge Pages File System...
         Mounting Huge Pages File System...
[   11.592062] systemd[1]: Starting Monitoring of LVM2 mirrors, snapshots etc. using dmeventd or progress polling...
         Starting Monitor[   11.632364] iscsi: registered transport (iser)
ing of LVM2 mirrors... dmeventd or progress polling...
[   11.691707] systemd[1]: Listening on Journal Audit Socket.
[[0;32m  OK  [0m] Listening on Journal Audit Socket.
[   11.711032] systemd[1]: Starting Journal Service...
         Starting Journal Service...
[   11.725956] systemd[1]: Mounted POSIX Message Queue File System.
[[0;32m  OK  [0m] Mounted POSIX Message Queue File System.
[   11.730376] systemd[1]: Mounted Debug File System.
[[0;32m  OK  [0m] Mounted Debug File System.
[   11.794123] systemd[1]: Mounted Huge Pages File System.
[[0;32m  OK  [0m] Mounted Huge Pages File System.
[   11.795932] systemd[1]: Started Journal Service.
[[0;32m  OK  [0m] Started Journal Service.
[[0;32m  OK  [0m] Started Remount Root and Kernel File Systems.
[[0;32m  OK  [0m] Started Load Kernel Modules.
[[0;32m  OK  [0m] Started Set console keymap.
[[0;32m  OK  [0m] Started Uncomplicated firewall.
[[0;32m  OK  [0m] Started Create list of required sta...ce nodes for the current kernel.
[[0;32m  OK  [0m] Started Nameserver information manager.
[[0;32m  OK  [0m] Started LVM2 metadata daemon.
         Starting Create Static Device Nodes in /dev...
         Mounting FUSE Control File System...
         Starting Apply Kernel Variables...
         Starting Load/Save Random Seed...
         Starting udev Coldplug all Devices...
         Starting Flush Journal to Persistent Storage...
[[0;32m  OK  [0m] Mounted FUSE Control File System.
[[0;32m  OK  [0m] Started Monitoring of LVM2 mirrors,...ng dmeventd or progress polling.
[[0;32m  OK  [0m] Started Create Static Device Nodes in /dev.
[[0;32m  OK  [0m] Started Apply Kernel Variables.
[[0;32m  OK  [0m] Started Load/Save Random Seed.
[[0;32m  OK  [0m] Started udev Coldplug all Devices.
[[0;32m  OK  [0m] Started Flush Journal to Persistent Storage.
         Starting udev Kernel Device Manager...
[[0;32m  OK  [0m] Reached target Local File Systems (Pre).
[[0;32m  OK  [0m] Reached target Local File Systems.
         Starting Initial cloud-init job (pre-networking)...
         Starting Commit a transient machine-id on disk...
         Starting Tell Plymouth To Write Out Runtime Data...
         Starting Create Volatile Files and Directories...
         Starting LSB: AppArmor initialization...
         Starting Set console font and keymap...
[[0;32m  OK  [0m] Started udev Kernel Device Manager.
[[0;32m  OK  [0m] Started Commit a transient machine-id on disk.
[[0;32m  OK  [0m] Started Tell Plymouth To Write Out Runtime Data.
[[0;32m  OK  [0m] Started Create Volatile Files and Directories.
[[0;32m  OK  [0m] Found device /dev/ttyS0.
[[0;32m  OK  [0m] Listening on Load/Save RF Kill Switch Status /dev/rfkill Watch.
         Starting Update UTMP about System Boot/Shutdown...
[[0;32m  OK  [0m] Started Dispatch Password Requests to Console Directory Watch.
[[0;32m  OK  [0m] Started Update UTMP about System Boot/Shutdown.
[   10.313610] cloud-init[493]: Cloud-init v. 19.2-36-g059d049c-0ubuntu2~16.04.1 running 'init-local' at Thu, 17 Oct 2019 19:30:56 +0000. Up 9.95 seconds.
[[0;32m  OK  [0m] Started Initial cloud-init job (pre-networking).
[[0;32m  OK  [0m] Reached target Network (Pre).
[[0;32m  OK  [0m] Started Set console font and keymap.
[[0;32m  OK  [0m] Created slice system-getty.slice.
[[0;32m  OK  [0m] Started LSB: AppArmor initialization.
         Starting Raise network interfaces...
[[0;32m  OK  [0m] Started Raise network interfaces.
         Starting Initial cloud-init job (metadata service crawler)...
[[0;32m  OK  [0m] Reached target Network.
[   11.948682] cloud-init[947]: Cloud-init v. 19.2-36-g059d049c-0ubuntu2~16.04.1 running 'init' at Thu, 17 Oct 2019 19:30:57 +0000. Up 11.39 seconds.
[   11.952311] cloud-init[947]: ci-info: ++++++++++++++++++++++++++++++++++++++Net device info++++++++++++++++++++++++++++++++++++++
[   11.953775] cloud-init[947]: ci-info: +--------+------+----------------------------+---------------+--------+-------------------+
[   11.979353] cloud-init[947]: ci-info: | Device |  Up  |          Address           |      Mask     | Scope  |     Hw-Address    |
[   11.980691] cloud-init[947]: ci-info: +--------+------+----------------------------+---------------+--------+-------------------+
[   11.981998] cloud-init[947]: ci-info: | enp0s3 | True |         10.0.2.15          | 255.255.255.0 | global | 02:b4:44:48:64:72 |
[   11.983301] cloud-init[947]: ci-info: | enp0s3 | True | fe80::b4:44ff:fe48:6472/64 |       .       |  link  | 02:b4:44:48:64:72 |
[   11.984738] cloud-init[947]: ci-info: |   lo   | True |         127.0.0.1          |   255.0.0.0   |  host  |         .         |
[   11.996446] cloud-init[947]: ci-info: |   lo   | True |          ::1/128           |       .       |  host  |         .         |
[   12.040554] cloud-init[947]: ci-info: +--------+------+----------------------------+---------------+--------+-------------------+
[[   12.040900] [0;32m  OK  [0mcloud-init] [947]: Started Initial cloud-init job (metadata service crawler).ci-info: +++++++++++++++++++++++++++Route IPv4 info++++++++++++++++++++++++++++

[   12.041049] cloud-init[947]: ci-info: +-------+-------------+----------+---------------+-----------+-------+
[   12.398259] cloud-init[947]: ci-info: | Route | Destination | Gateway  |    Genmask    | Interface | Flags |
[   12.398641] cloud-init[947]: ci-info: +-------+-------------+----------+---------------+-----------+-------+
[[0;32m  OK  [0m] Reached target Network is Online.
[   12.398884] cloud-init[947]: ci-info: |   0   |   0.0.0.0   | 10.0.2.2 |    0.0.0.0    |   enp0s3  |   UG  |
[   12.653118] cloud-init[947]: ci-info: |   1   |   10.0.2.0  | 0.0.0.0  | 255.255.255.0 |   enp0s3  |   U   |
[   12.653493] cloud-init[947]: ci-info: +-------+-------------+----------+---------------+-----------+-------+
         Starting iSCSI initiator daemon (iscsid)...
[[   12.653724] cloud-init[947]: ci-info: +++++++++++++++++++Route IPv6 info+++++++++++++++++++
[   12.813260] cloud-init[947]: ci-info: +-------+-------------+---------+-----------+-------+
[0;32m  OK  [0m] Reached target System Initialization.
[[0;32m  OK  [0m] Listening on UUID daemon activation socket.
[[   12.813436] cloud-init[947]: ci-info: | Route | Destination | Gateway | Interface | Flags |
[   13.064853] cloud-init[947]: ci-info: +-------+-------------+---------+-----------+-------+
[0;32m  OK  [0m] Listening on ACPID Listen Socket.
[   13.064926] cloud-init[947]: ci-info: |   0   |  fe80::/64  |    ::   |   enp0s3  |   U   |
[   13.160568] cloud-init[947]: ci-info: |   3   |   ff00::/8  |    ::   |   enp0s3  |   U   |
[   13.161193] cloud-init[947]: ci-info: +-------+-------------+---------+-----------+-------+
[[0;32m  OK  [0m] Started ACPI Events Check.
[[   13.161714] cloud-init[947]: Generating public/private rsa key pair.
[0;32m  OK  [0m] Reached target Paths.
         Starting Socket activation for snappy daemon.
[   13.210769] cloud-init[947]: Your identification has been saved in /etc/ssh/ssh_host_rsa_key.
[   13.366712] cloud-init[947]: Your public key has been saved in /etc/ssh/ssh_host_rsa_key.pub.
[   13.367047] cloud-init[947]: The key fingerprint is:
[[0;32m  OK  [0m] Started Daily apt download activities.
[[   13.367301] cloud-init[947]: SHA256:GoGk9Pl46SNF/Hk6Z/QiXmZ7w+OL89mwawCgX6v/DK4 root@ubuntu-xenial
[   13.529188] cloud-init[947]: The key's randomart image is:
[0;32m  OK  [0m] Started Daily apt upgrade and clean activities.
[[   13.529584] cloud-init[947]: +---[RSA 2048]----+
[   13.665244] cloud-init[947]: |  . .            |
[0;32m  OK  [0m] Started Message of the Day.
[[   13.665529] cloud-init[947]: | . + +.          |
[   13.769146] cloud-init[947]: |  . +.+.         |
[0;32m  OK  [0m] Listening on D-Bus System Message Bus Socket.
[   13.769348] cloud-init[947]: |    .+ +o.       |
[   13.952366] cloud-init[947]: |    ..*.Soo      |
[   13.952711] cloud-init[947]: |     +.o.+..     |
         Starting LXD - unix socket.
[[   13.952941] cloud-init[947]: |    . +.= Boo    |
[   14.032909] cloud-init[947]: |     ..+ @.+*=   |
[0;32m  OK  [0m] Started Daily Cleanup of Temporary Directories.
[[   14.033132] cloud-init[947]: |      Eo+.=*B=.  |
[   14.127545] cloud-init[947]: +----[SHA256]-----+
[0;32m  OK  [0m] Reached target Timers.
[[   14.127666] cloud-init[947]: Generating public/private dsa key pair.
[   14.241280] cloud-init[947]: Your identification has been saved in /etc/ssh/ssh_host_dsa_key.
[0;32m  OK  [0m] Reached target Cloud-config availability.
[   14.241479] cloud-init[947]: Your public key has been saved in /etc/ssh/ssh_host_dsa_key.pub.
[   14.288324] cloud-init[947]: The key fingerprint is:
[   14.344390] cloud-init[947]: SHA256:l1Cpah/sMUWA5xychlVb03Krobt+IxmXJMDQGWnl+js root@ubuntu-xenial
[   14.344727] cloud-init[947]: The key's randomart image is:
[   14.345081] cloud-init[947]: +---[DSA 1024]----+
[   14.345302] cloud-init[947]: |      .O+O+.o.   |
[   14.345485] cloud-init[947]: |      o &ooo..o  |
[   14.345680] cloud-init[947]: |       *.=o  o . |
[   14.345849] cloud-init[947]: |        +oo.o .  |
[   14.345997] cloud-init[947]: |       oS.o+ +   |
[   14.346159] cloud-init[947]: |      o =oo +    |
[   14.346318] cloud-init[947]: |     . o +.=     |
[   14.346569] cloud-init[947]: |        o E.o    |
[   14.346723] cloud-init[947]: |         .+= .   |
[   14.347064] cloud-init[947]: +----[SHA256]-----+
[   14.347219] cloud-init[947]: Generating public/private ecdsa key pair.
[[0;32m  OK  [0m] Listening on Socket activation for snappy daemon.
[[   14.347376] cloud-init[947]: Your identification has been saved in /etc/ssh/ssh_host_ecdsa_key.
[   14.471714] cloud-init[947]: Your public key has been saved in /etc/ssh/ssh_host_ecdsa_key.pub.
[   14.471818] cloud-init[947]: The key fingerprint is:
[   14.471971] cloud-init[947]: SHA256:jOXE9iuHo1t9mH8Z+POy+9GR8u6YYwwtca85kDsFMZ4 root@ubuntu-xenial
[   14.472316] cloud-init[947]: The key's randomart image is:
[   14.472473] cloud-init[947]: +---[ECDSA 256]---+
[   14.472635] cloud-init[947]: |                 |
[   14.472795] cloud-init[947]: |       .   o     |
[   14.472959] cloud-init[947]: |        = . +    |
[   14.473128] cloud-init[947]: |       B . E .  .|
[   14.473640] cloud-init[947]: |      . S . *o.o |
[   14.473795] cloud-init[947]: |         o O.o+.o|
[   14.473986] cloud-init[947]: |        = * O.o=.|
[   14.474742] cloud-init[947]: |       o + = BX .|
[   14.475062] cloud-init[947]: |      o.    ++*Xo|
[   14.475159] cloud-init[947]: +----[SHA256]-----+
[   14.475280] cloud-init[947]: Generating public/private ed25519 key pair.
[   14.475389] cloud-init[947]: Your identification has been saved in /etc/ssh/ssh_host_ed25519_key.
[   14.475500] cloud-init[947]: Your public key has been saved in /etc/ssh/ssh_host_ed25519_key.pub.
[   14.475615] cloud-init[947]: The key fingerprint is:
[   14.475726] cloud-init[947]: SHA256:/kBaFe5TtpfaBUlOcNx6oLqqhTCSZlfxdgm5J5YqqZE root@ubuntu-xenial
[   14.475842] cloud-init[947]: The key's randomart image is:
[   14.475963] cloud-init[947]: +--[ED25519 256]--+
[   14.476198] cloud-init[947]: |      . ... .o+. |
[   14.476317] cloud-init[947]: |       o.o o =o..|
[0;32m  OK  [0m[   14.476496] ] cloud-initListening on LXD - unix socket.[947]: 
|      . oo= o.+o |
[[   14.476533] cloud-init[947]: |   . . .=+.o...o.|
[   14.921117] cloud-init[947]: |  =.+. oSoo.. o..|
[0;32m  OK  [0m] Started iSCSI initiator daemon (iscsid).
[   14.921486] cloud-init[947]: | oEooo.*  .. + . |
[   15.042782] cloud-init[947]: |   o .o +  .. .  |
[   15.043551] cloud-init[947]: |  .    . o.      |
         Starting Login to default iSCSI targets...
[[0;32m  OK  [0m] Reached target Sockets.
[[0;32m  OK  [0m] Reached target Basic System.
[   15.052803] cloud-init[947]: |      .....      |
[   15.168077] cloud-init[947]: +----[SHA256]-----+
         Starting LSB: MD monitoring daemon...
         Starting Login Service...
[[0;32m  OK  [0m] Started D-Bus System Message Bus.
         Starting Pollinate to seed the pseudo random number generator...
         Starting LXD - container startup/shutdown...
         Starting LSB: Record successful boot for GRUB...
[[0;32m  OK  [0m] Started Regular background program processing daemon.
         Starting /etc/rc.local Compatibility...
         Starting Accounts Service...
         Starting System Logging Service...
[[0;32m  OK  [0m] Started Deferred execution scheduler.
[[0;32m  OK  [0m] Started FUSE filesystem for LXC.
         Starting Virtualbox guest utils...
[[0;32m  OK  [0m] Started ACPI event daemon.
         Starting Snappy daemon...
[[0;32m  OK  [0m] Started System Logging Service.
[[0;32m  OK  [0m] Started LXD - container startup/shutdown.
[[0;32m  OK  [0m] Started /etc/rc.local Compatibility.
[[0;32m  OK  [0m] Started LSB: MD monitoring daemon.
[[0;32m  OK  [0m] Started Login to default iSCSI targets.
[[0;32m  OK  [0m] Started LSB: Record successful boot for GRUB.
[[0;32m  OK  [0m] Started Login Service.
[[0;32m  OK  [0m] Started Unattended Upgrades Shutdown.
         Starting Authenticate and Authorize Users to Run Privileged Tasks...
[[0;32m  OK  [0m] Reached target Remote File Systems (Pre).
[[0;32m  OK  [0m] Reached target Remote File Systems.
         Starting LSB: Set the CPU Frequency Scaling governor to "ondemand"...
         Starting LSB: daemon to balance interrupts for SMP systems...
         Starting Permit User Sessions...
         Starting LSB: automatic crash report generation...
[[0;32m  OK  [0m] Started Snappy daemon.
[[0;32m  OK  [0m] Started Pollinate to seed the pseudo random number generator.
[[0;32m  OK  [0m] Started Virtualbox guest utils.
[[0;32m  OK  [0m] Started Permit User Sessions.
[[0;32m  OK  [0m] Started Authenticate and Authorize Users to Run Privileged Tasks.
[[0;32m  OK  [0m] Started Accounts Service.
[[0;32m  OK  [0m] Started LSB: Set the CPU Frequency Scaling governor to "ondemand".
         Starting Terminate Plymouth Boot Screen...
         Starting Hold until boot process finishes up...
         Starting OpenBSD Secure Shell server...
         Starting Wait until snapd is fully seeded...
[[0;32m  OK  [0m] Started LSB: daemon to balance interrupts for SMP systems.
[[0;32m  OK  [0m] Started LSB: automatic crash report generation.
[[0;32m  OK  [0m] Started Terminate Plymouth Boot Screen.
[[0;32m  OK  [0m] Started Hold until boot process finishes up.
[[0;32m  OK  [0m] Started OpenBSD Secure Shell server.
[[0;32m  OK  [0m] Started Getty on tty1.
         Starting Set console scheme...
[[0;32m  OK  [0m] Started Serial Getty on ttyS0.
[[0;32m  OK  [0m] Reached target Login Prompts.
[[0;32m  OK  [0m] Started Set console scheme.
[[0;32m  OK  [0m] Created slice User Slice of vagrant.
         Starting User Manager for UID 1000...
[[0;32m  OK  [0m] Started User Manager for UID 1000.
[[0;32m  OK  [0m] Started Session 1 of user vagrant.
[[0;32m  OK  [0m] Started Wait until snapd is fully seeded.
[[0;32m  OK  [0m] Reached target Multi-User System.
[[0;32m  OK  [0m] Reached target Graphical Interface.
         Starting Update UTMP about System Runlevel Changes...
         Starting Apply the settings specified in cloud-config...
[[0;32m  OK  [0m] Started Update UTMP about System Runlevel Changes.
[   18.306671] cloud-init[1390]: Generating locales (this might take a while)...
[   19.025529] cloud-init[1390]:   en_US.UTF-8... done
[   19.030268] cloud-init[1390]: Generation complete.
[   19.266604] cloud-init[1390]: Cloud-init v. 19.2-36-g059d049c-0ubuntu2~16.04.1 running 'modules:config' at Thu, 17 Oct 2019 19:31:04 +0000. Up 18.22 seconds.
[[0;32m  OK  [0m] Started Apply the settings specified in cloud-config.
         Starting Execute cloud user/final scripts...
ci-info: no authorized ssh keys fingerprints found for user ubuntu.
<14>Oct 17 19:31:06 ec2: 
<14>Oct 17 19:31:06 ec2: #############################################################
<14>Oct 17 19:31:06 ec2: -----BEGIN SSH HOST KEY FINGERPRINTS-----
<14>Oct 17 19:31:06 ec2: 1024 SHA256:l1Cpah/sMUWA5xychlVb03Krobt+IxmXJMDQGWnl+js root@ubuntu-xenial (DSA)
<14>Oct 17 19:31:06 ec2: 256 SHA256:jOXE9iuHo1t9mH8Z+POy+9GR8u6YYwwtca85kDsFMZ4 root@ubuntu-xenial (ECDSA)
<14>Oct 17 19:31:06 ec2: 256 SHA256:/kBaFe5TtpfaBUlOcNx6oLqqhTCSZlfxdgm5J5YqqZE root@ubuntu-xenial (ED25519)
<14>Oct 17 19:31:06 ec2: 2048 SHA256:GoGk9Pl46SNF/Hk6Z/QiXmZ7w+OL89mwawCgX6v/DK4 root@ubuntu-xenial (RSA)
<14>Oct 17 19:31:06 ec2: -----END SSH HOST KEY FINGERPRINTS-----
<14>Oct 17 19:31:06 ec2: #############################################################
-----BEGIN SSH HOST KEY KEYS-----
ecdsa-sha2-nistp256 AAAAE2VjZHNhLXNoYTItbmlzdHAyNTYAAAAIbmlzdHAyNTYAAABBBMi8vzoaLEHzEjYYUNfbY903H3nebs4F/Aesd1b6yCiALDm4VqavaaS/2uO9FAmqgeV41EmR7i8bAudZ8YEp4w4= root@ubuntu-xenial
ssh-ed25519 AAAAC3NzaC1lZDI1NTE5AAAAIFxHK3CspCbtH9H+y19Otzva2NzDeJnL+ODiqfdxHHE5 root@ubuntu-xenial
ssh-rsa AAAAB3NzaC1yc2EAAAADAQABAAABAQDLK50wbiMKFoXh/eQ9U0IaMRKdxi9UE9ZlJ/XKe7fyTP/Ka7YDT+dZoACZQ9otudjFrM3NzqVqKVa9vBoFzQCByv5ZFHy4aGanoTZCPDG9qKvLcuStmXTsR0bvyErldODS/JzCHpLLTyIzdckyvptZicF/fZhDiawYNFzKAmH7HDBGEaTqKOBen+bwGmqjK8mh1UijftbkQG8JuNXOQSXZ5Q6RYnzGNdKWwjIv/h8gISeq1tpzixuaPHujBPxamqoSVA9u44IQi6e6jTeubpo6EV6M1TMAc0+rF5uA5ojRXueQC8WRm8iJN+PAV4fsfzRNYKunS+yP3e+Gcqi4mEvt root@ubuntu-xenial
-----END SSH HOST KEY KEYS-----
         Stopping User Manager for UID 1000...
[[0;32m  OK  [0m] Stopped User Manager for UID 1000.
[   20.026327] cloud-init[1505]: Cloud-init v. 19.2-36-g059d049c-0ubuntu2~16.04.1 running 'modules:final' at Thu, 17 Oct 2019 19:31:06 +0000. Up 19.63 seconds.
[   20.084414] cloud-init[1505]: ci-info: no authorized ssh keys fingerprints found for user ubuntu.
[   20.103485] cloud-init[1505]: [[0;32m  OK  [0m] Removed slice User Slice of vagrant.
Cloud-init v. 19.2-36-g059d049c-0ubuntu2~16.04.1 finished at Thu, 17 Oct 2019 19:31:06 +0000. Datasource DataSourceNoCloud [seed=/dev/sdb][dsmode=net].  Up 20.01 seconds
[[0;32m  OK  [0m] Started Execute cloud user/final scripts.
[[0;32m  OK  [0m] Reached target Cloud-init target.

Ubuntu 16.04.6 LTS ubuntu-xenial ttyS0

ubuntu-xenial login: [[0;32m  OK  [0m] Closed Load/Save RF Kill Switch Status /dev/rfkill Watch.
         Stopping Session 4 of user vagrant.
         Stopping Session 3 of user vagrant.
[[0;32m  OK  [0m] Stopped target Graphical Interface.
         Stopping Authenticate and Authorize Users to Run Privileged Tasks...
         Stopping Accounti         Stopping Serial Getty on ttyS0...
         Stopping OpenBSD Secure Shell server...
         Stopping LSB: Set the CPU Frequency Scaling governor to "ondemand"...
[[0;32m  OK  [0m] Stopped target Cloud-config availability.
         Stopping LSB: automatic crash report generation...
         Stopping ACPI event daemon...
         Stopping User Manager for UID 1000...
         Stopping LSB: daemon to balance interrupts for SMP systems...
[[0;32m  OK  [0m] Unmounted /var/lib/lxcfs.
[[0;32m  OK  [0m] Stopped Regular background program processing daemon.
[[0;32m  OK  [0m] Stopped Accounts Service.
[[0;32m  OK  [0m] Stopped System Logging Service.
[[0;32m  OK  [0m] Stopped Deferred execution scheduler.
[[0;32m  OK  [0m] Stopped ACPI event daemon.
[[0;32m  OK  [0m] Stopped Unattended Upgrades Shutdown.
[[0;32m  OK  [0m] Stopped Authenticate and Authorize Users to Run Privileged Tasks.
[[0;32m  OK  [0m] Stopped OpenBSD Secure Shell server.
[[0;32m  OK  [0m] Stopped Getty on tty1.
[[0;32m  OK  [0m] Stopped Serial Getty on ttyS0.
[[0;32m  OK  [0m] Stopped User Manager for UID 1000.
[[0;32m  OK  [0m] Stopped High-performance, schema-free document-oriented database.
[[0;32m  OK  [0m] Stopped Session 3 of user vagrant.
[[0;32m  OK  [0m] Stopped D-Bus System Message Bus.
[[0;32m  OK  [0m] Stopped FUSE filesystem for LXC.
[[0;32m  OK  [0m] Stopped LXD - container startup/shutdown.
[[0;32m  OK  [0m] Stopped LSB: Record successful boot for GRUB.
[[0;32m  OK  [0m] Stopped Virtualbox guest utils.
[[0;32m  OK  [0m] Stopped LSB: MD monitoring daemon.
[[0;32m  OK  [0m] Stopped LSB: Set the CPU Frequency Scaling governor to "ondemand".
[[0;32m  OK  [0m] Stopped LSB: automatic crash report generation.
[[0;32m  OK  [0m] Stopped LSB: daemon to balance interrupts for SMP systems.
[[0;32m  OK  [0m] Stopped Session 4 of user vagrant.
[[0;32m  OK  [0m] Stopped User Manager for UID 1000.
[[0;32m  OK  [0m] Removed slice User Slice of vagrant.
[[0;32m  OK  [0m] Removed slice system-serial\x2dgetty.slice.
[[0;32m  OK  [0m] Removed slice system-getty.slice.
         Stopping Permit User Sessions...
[[0;32m  OK  [0m] Stopped /etc/rc.local Compatibility.
         Stopping Login Service...
[[0;32m  OK  [0m] Stopped Permit User Sessions.
[[0;32m  OK  [0m] Stopped target Remote File Systems.
[[0;32m  OK  [0m] Stopped target Remote File Systems (Pre).
         Stopping Login to default iSCSI targets...
[[0;32m  OK  [0m] Stopped Login Service.
[[0;32m  OK  [0m] Stopped Login to default iSCSI targets.
         Stopping iSCSI initiator daemon (iscsid)...
[[0;32m  OK  [0m] Stopped target User and Group Name Lookups.
[[0;32m  OK  [0m] Stopped target Basic System.
[[0;32m  OK  [0m] Stopped target Paths.
[[0;32m  OK  [0m] Stopped ACPI Events Check.
[[0;32m  OK  [0m] Stopped Forward Password Requests to Wall Directory Watch.
[[0;32m  OK  [0m] Stopped Dispatch Password Requests to Console Directory Watch.
[[0;32m  OK  [0m] Stopped target Sockets.
[[0;32m  OK  [0m] Closed LXD - unix socket.
[[0;32m  OK  [0m] Closed D-Bus System Message Bus Socket.
[[0;32m  OK  [0m] Closed ACPID Listen Socket.
[[0;32m  OK  [0m] Closed UUID daemon activation socket.
[[0;32m  OK  [0m] Closed Socket activation for snappy daemon.
[[0;32m  OK  [0m] Closed Syslog Socket.
[[0;32m  OK  [0m] Stopped target Slices.
[[0;32m  OK  [0m] Removed slice User and Session Slice.
[[0;32m  OK  [0m] Stopped target System Initialization.
[[0;32m  OK  [0m] Stopped target Encrypted Volumes.
[[0;32m  OK  [0m] Stopped target Swap.
         Stopping Load/Save Random Seed...
         Stopping Update UTMP about System Boot/Shutdown...
[[0;32m  OK  [0m] Stopped Commit a transient machine-id on disk.
[[0;32m  OK  [0m] Stopped iSCSI initiator daemon (iscsid).
[[0;32m  OK  [0m] Stopped Load/Save Random Seed.
[[0;32m  OK  [0m] Stopped Update UTMP about System Boot/Shutdown.
[[0;32m  OK  [0m] Stopped Create Volatile Files and Directories.
[[0;32m  OK  [0m] Stopped target Network is Online.
[[0;32m  OK  [0m] Stopped target Network.
[[0;32m  OK  [0m] Stopped Initial cloud-init job (metadata service crawler).
         Stopping Raise network interfaces...
[[0;32m  OK  [0m] Stopped Raise network interfaces.
[[0;32m  OK  [0m] Stopped Apply Kernel Variables.
[[0;32m  OK  [0m] Stopped target Local File Systems.
         Unmounting /run/user/1000...
[[0;32m  OK  [0m] Stopped Load Kernel Modules.
[[0;32m  OK  [0m] Stopped target Network (Pre).
[[0;32m  OK  [0m] Stopped Initial cloud-init job (pre-networking).
[[0;32m  OK  [0m] Unmounted /run/user/1000.
[[0;32m  OK  [0m] Reached target Unmount All Filesystems.
[[0;32m  OK  [0m] Stopped target Local File Systems (Pre).
         Stopping Monitoring of LVM2 mirrors... dmeventd or progress polling...
[[0;32m  OK  [0m] Stopped Create Static Device Nodes in /dev.
[[0;32m  OK  [0m] Stopped Remount Root and Kernel File Systems.
[[0;32m  OK  [0m] Reached target Shutdown.
[  122.183927] reboot: Power down
